Log file open, 10/09/17 16:40:51
LogWindows: Failed to load 'aqProf.dll' (GetLastError=126)
LogWindows: File 'aqProf.dll' does not exist
LogWindows: Failed to load 'VtuneApi.dll' (GetLastError=126)
LogWindows: File 'VtuneApi.dll' does not exist
LogWindows: Failed to load 'VtuneApi32e.dll' (GetLastError=126)
LogWindows: File 'VtuneApi32e.dll' does not exist
LogInit: Display: Running engine for game: LaserSwordsAreCool
LogPlatformFile: Not using cached read wrapper
LogInit: Display: RandInit(-1352821630) SRandInit(-1352821630).
LogTaskGraph: Started task graph with 5 named threads and 14 total threads with 3 sets of task threads.
LogStats: Stats thread started at 0.877825
LogD3D11RHI: Aftermath initialized
LogPluginManager: Mounting plugin Paper2D
LogPluginManager: Mounting plugin LightPropagationVolume
LogPluginManager: Mounting plugin CodeLiteSourceCodeAccess
LogPluginManager: Mounting plugin GitSourceControl
LogPluginManager: Mounting plugin KDevelopSourceCodeAccess
LogPluginManager: Mounting plugin NullSourceCodeAccess
LogPluginManager: Mounting plugin PerforceSourceControl
LogPluginManager: Mounting plugin SubversionSourceControl
LogPluginManager: Mounting plugin UObjectPlugin
LogPluginManager: Mounting plugin VisualStudioSourceCodeAccess
LogPluginManager: Mounting plugin XCodeSourceCodeAccess
LogPluginManager: Mounting plugin AssetManagerEditor
LogPluginManager: Mounting plugin AudioCapture
LogPluginManager: Mounting plugin FacialAnimation
LogPluginManager: Mounting plugin GameplayTagsEditor
LogPluginManager: Mounting plugin MobileLauncherProfileWizard
LogPluginManager: Mounting plugin PluginBrowser
LogPluginManager: Mounting plugin SpeedTreeImporter
LogPluginManager: Mounting plugin AlembicImporter
LogPluginManager: Mounting plugin CharacterAI
LogPluginManager: Mounting plugin HTML5Networking
LogPluginManager: Mounting plugin AndroidMedia
LogPluginManager: Mounting plugin AvfMedia
LogPluginManager: Mounting plugin MediaPlayerEditor
LogPluginManager: Mounting plugin WmfMedia
LogPluginManager: Mounting plugin TcpMessaging
LogPluginManager: Mounting plugin UdpMessaging
LogPluginManager: Mounting plugin LevelSequenceEditor
LogPluginManager: Mounting plugin MatineeToLevelSequence
LogPluginManager: Mounting plugin OnlineSubsystemGooglePlay
LogPluginManager: Mounting plugin OnlineSubsystemIOS
LogPluginManager: Mounting plugin OnlineSubsystem
LogPluginManager: Mounting plugin OnlineSubsystemNull
LogPluginManager: Mounting plugin OnlineSubsystemUtils
LogPluginManager: Mounting plugin AndroidDeviceProfileSelector
LogPluginManager: Mounting plugin AndroidMoviePlayer
LogPluginManager: Mounting plugin AndroidPermission
LogPluginManager: Mounting plugin AppleMoviePlayer
LogPluginManager: Mounting plugin ArchVisCharacter
LogPluginManager: Mounting plugin CableComponent
LogPluginManager: Mounting plugin CustomMeshComponent
LogPluginManager: Mounting plugin ExampleDeviceProfileSelector
LogPluginManager: Mounting plugin GoogleCloudMessaging
LogPluginManager: Mounting plugin ImmediatePhysics
LogPluginManager: Mounting plugin IOSDeviceProfileSelector
LogPluginManager: Mounting plugin LinuxDeviceProfileSelector
LogPluginManager: Mounting plugin LocationServicesBPLibrary
LogPluginManager: Mounting plugin MobilePatchingUtils
LogPluginManager: Mounting plugin OculusVR
LogPluginManager: Mounting plugin PhysXVehicles
LogPluginManager: Mounting plugin ProceduralMeshComponent
LogPluginManager: Mounting plugin RuntimePhysXCooking
LogPluginManager: Mounting plugin SteamVR
LogPluginManager: Mounting plugin WindowsMoviePlayer
LogInit: Using libcurl 7.47.1
LogInit:  - built for x86_64-pc-win32
LogInit:  - supports SSL with OpenSSL/1.0.2g
LogInit:  - supports HTTP deflate (compression) using libz 1.2.8
LogInit:  - other features:
LogInit:      CURL_VERSION_SSL
LogInit:      CURL_VERSION_LIBZ
LogInit:      CURL_VERSION_IPV6
LogInit:      CURL_VERSION_ASYNCHDNS
LogInit:      CURL_VERSION_LARGEFILE
LogInit:      CURL_VERSION_IDN
LogInit:  CurlRequestOptions (configurable via config and command line):
LogInit:  - bVerifyPeer = false  - Libcurl will NOT verify peer certificate
LogInit:  - bUseHttpProxy = false  - Libcurl will NOT use HTTP proxy
LogInit:  - bDontReuseConnections = false  - Libcurl will reuse connections
LogInit:  - CertBundlePath = nullptr  - Libcurl will use whatever was configured at build time.
LogHMD: Failed initializing OVRPlugin 1.15.0
LogInit: Build: ++UE4+Release-4.17-CL-3658906
LogInit: Engine Version: 4.17.2-3658906+++UE4+Release-4.17
LogInit: Compatible Engine Version: 4.17.0-3573198+++UE4+Release-4.17
LogInit: Net CL: 3573198
LogDevObjectVersion: Number of dev versions registered: 16
LogDevObjectVersion:   Dev-Blueprints (B0D832E4-1F89-4F0D-ACCF-7EB736FD4AA2): 10
LogDevObjectVersion:   Dev-Build (E1C64328-A22C-4D53-A36C-8E866417BD8C): 0
LogDevObjectVersion:   Dev-Core (375EC13C-06E4-48FB-B500-84F0262A717E): 2
LogDevObjectVersion:   Dev-Editor (E4B068ED-F494-42E9-A231-DA0B2E46BB41): 20
LogDevObjectVersion:   Dev-Framework (CFFC743F-43B0-4480-9391-14DF171D2073): 28
LogDevObjectVersion:   Dev-Mobile (B02B49B5-BB20-44E9-A304-32B752E40360): 0
LogDevObjectVersion:   Dev-Networking (A4E4105C-59A1-49B5-A7C5-40C4547EDFEE): 0
LogDevObjectVersion:   Dev-Online (39C831C9-5AE6-47DC-9A44-9C173E1C8E7C): 0
LogDevObjectVersion:   Dev-Physics (78F01B33-EBEA-4F98-B9B4-84EACCB95AA2): 0
LogDevObjectVersion:   Dev-Platform (6631380F-2D4D-43E0-8009-CF276956A95A): 0
LogDevObjectVersion:   Dev-Rendering (12F88B9F-8875-4AFC-A67C-D90C383ABD29): 19
LogDevObjectVersion:   Dev-Sequencer (7B5AE74C-D270-4C10-A958-57980B212A5A): 4
LogDevObjectVersion:   Dev-VR (D7296918-1DD6-4BDD-9DE2-64A83CC13884): 0
LogDevObjectVersion:   Dev-LoadTimes (C2A15278-BFE7-4AFE-6C17-90FF531DF755): 1
LogDevObjectVersion:   Private-Geometry (6EACA3D4-40EC-4CC1-B786-8BED09428FC5): 1
LogDevObjectVersion:   Dev-AnimPhys (29E575DD-E0A3-4627-9D10-D276232CDCEA): 7
LogInit: Compiled (64-bit): Sep 22 2017 13:47:16
LogInit: Compiled with Visual C++: 19.00.24215.01
LogInit: Build Configuration: Development
LogInit: Branch Name: ++UE4+Release-4.17
LogInit: Command line:  
LogInit: Base directory: F:/UE_4.17/Engine/Binaries/Win64/
LogInit: Installed Engine Build: 1
LogInit: Presizing for max 8388607 objects, including 0 objects not considered by GC, pre-allocating 0 bytes for permanent pool.
LogInit: Object subsystem initialized
[2017.10.09-20.40.52:781][  0]LogInit: Selected Device Profile: [Windows]
[2017.10.09-20.40.52:781][  0]LogInit: Applying CVar settings loaded from the selected device profile: [Windows]
[2017.10.09-20.40.52:826][  0]LogInit: Computer: CARMODY-PC
[2017.10.09-20.40.52:826][  0]LogInit: User: Michael
[2017.10.09-20.40.52:826][  0]LogInit: CPU Page size=4096, Cores=4
[2017.10.09-20.40.52:826][  0]LogInit: High frequency timer resolution =3.222653 MHz
[2017.10.09-20.40.52:826][  0]LogMemory: Memory total: Physical=11.9GB (12GB approx)
[2017.10.09-20.40.52:826][  0]LogMemory: Platform Memory Stats for Windows
[2017.10.09-20.40.52:826][  0]LogMemory: Process Physical Memory: 285.23 MB used, 285.23 MB peak
[2017.10.09-20.40.52:826][  0]LogMemory: Process Virtual Memory: 275.75 MB used, 275.75 MB peak
[2017.10.09-20.40.52:826][  0]LogMemory: Physical Memory: 6932.40 MB used,  5304.32 MB free, 12236.72 MB total
[2017.10.09-20.40.52:826][  0]LogMemory: Virtual Memory: 701.58 MB used,  5304.32 MB free, 134217728.00 MB total
[2017.10.09-20.40.53:199][  0]LogInit: Using OS detected language (en-US).
[2017.10.09-20.40.53:199][  0]LogInit: Using OS detected locale (en-US).
[2017.10.09-20.40.53:338][  0]LogTextLocalizationManager: No specific localization for 'en-US' exists, so the 'en' localization will be used.
[2017.10.09-20.40.58:206][  0]LogD3D11RHI: D3D11 adapters:
[2017.10.09-20.40.58:244][  0]LogD3D11RHI:    0. 'NVIDIA GeForce GTX 970' (Feature Level 11_0)
[2017.10.09-20.40.58:244][  0]LogD3D11RHI:       4058/0/6118 MB DedicatedVideo/DedicatedSystem/SharedSystem, Outputs:2, VendorId:0x10de
[2017.10.09-20.40.58:247][  0]LogD3D11RHI:    1. 'Microsoft Basic Render Driver' (Feature Level 11_0)
[2017.10.09-20.40.58:247][  0]LogD3D11RHI:       0/0/6118 MB DedicatedVideo/DedicatedSystem/SharedSystem, Outputs:0, VendorId:0x1414
[2017.10.09-20.40.58:247][  0]LogD3D11RHI: Chosen D3D11 Adapter: 0
[2017.10.09-20.40.58:253][  0]LogD3D11RHI: Creating new Direct3DDevice
[2017.10.09-20.40.58:253][  0]LogD3D11RHI:     GPU DeviceId: 0x13c2 (for the marketing name, search the web for "GPU Device Id")
[2017.10.09-20.40.58:253][  0]LogWindows: EnumDisplayDevices:
[2017.10.09-20.40.58:253][  0]LogWindows:    0. 'NVIDIA GeForce GTX 970' (P:1 D:1)
[2017.10.09-20.40.58:253][  0]LogWindows:    1. 'NVIDIA GeForce GTX 970' (P:0 D:1)
[2017.10.09-20.40.58:254][  0]LogWindows:    2. 'NVIDIA GeForce GTX 970' (P:0 D:0)
[2017.10.09-20.40.58:254][  0]LogWindows:    3. 'NVIDIA GeForce GTX 970' (P:0 D:0)
[2017.10.09-20.40.58:254][  0]LogWindows: DebugString: FoundDriverCount:4 
[2017.10.09-20.40.58:254][  0]LogD3D11RHI:     Adapter Name: NVIDIA GeForce GTX 970
[2017.10.09-20.40.58:254][  0]LogD3D11RHI:   Driver Version: 384.94 (internal:22.21.13.8494, unified:384.94)
[2017.10.09-20.40.58:254][  0]LogD3D11RHI:      Driver Date: 7-18-2017
[2017.10.09-20.40.58:254][  0]LogRHI: Texture pool is 1361 MB (70% of 1945 MB)
[2017.10.09-20.40.58:278][  0]LogD3D11RHI: Async texture creation enabled
[2017.10.09-20.40.58:291][  0]LogD3D11RHI: GPU Timing Frequency: 1000.000000 (Debug: 2 1)
[2017.10.09-20.40.58:293][  0]LogShaderCompilers: Guid format shader working directory is 18 characters bigger than the processId version (../../../../LaserSwordsAreCool/Intermediate/Shaders/WorkingDirectory/5516/).
[2017.10.09-20.40.58:293][  0]LogShaderCompilers: Cleaned the shader compiler working directory 'C:/Users/Michael/AppData/Local/Temp/UnrealShaderWorkingDir/A95C60B340F25A02B91BE9AA218DF2B0/'.
[2017.10.09-20.40.58:293][  0]LogShaderCompilers: Display: Using Local Shader Compiler.
[2017.10.09-20.41.02:024][  0]LogTemp: Display: Loaded TP AllDesktopTargetPlatform
[2017.10.09-20.41.02:070][  0]LogTemp: Display: Loaded TP MacClientTargetPlatform
[2017.10.09-20.41.02:115][  0]LogTemp: Display: Loaded TP MacNoEditorTargetPlatform
[2017.10.09-20.41.02:162][  0]LogTemp: Display: Loaded TP MacServerTargetPlatform
[2017.10.09-20.41.02:219][  0]LogTemp: Display: Loaded TP MacTargetPlatform
[2017.10.09-20.41.02:266][  0]LogTemp: Display: Loaded TP WindowsClientTargetPlatform
[2017.10.09-20.41.02:313][  0]LogTemp: Display: Loaded TP WindowsNoEditorTargetPlatform
[2017.10.09-20.41.02:359][  0]LogTemp: Display: Loaded TP WindowsServerTargetPlatform
[2017.10.09-20.41.02:398][  0]LogTemp: Display: Loaded TP WindowsTargetPlatform
[2017.10.09-20.41.02:452][  0]LogTemp: Display: Loaded TP AndroidTargetPlatform
[2017.10.09-20.41.02:497][  0]LogTemp: Display: Loaded TP Android_ASTCTargetPlatform
[2017.10.09-20.41.02:542][  0]LogTemp: Display: Loaded TP Android_ATCTargetPlatform
[2017.10.09-20.41.02:586][  0]LogTemp: Display: Loaded TP Android_DXTTargetPlatform
[2017.10.09-20.41.02:632][  0]LogTemp: Display: Loaded TP Android_ETC1TargetPlatform
[2017.10.09-20.41.02:701][  0]LogTemp: Display: Loaded TP Android_ETC2TargetPlatform
[2017.10.09-20.41.02:792][  0]LogTemp: Display: Loaded TP Android_MultiTargetPlatform
[2017.10.09-20.41.02:792][  0]LogTemp: Display: Loaded TP Android_PVRTCTargetPlatform
[2017.10.09-20.41.02:833][  0]LogTemp: Display: Loaded TP HTML5TargetPlatform
[2017.10.09-20.41.03:020][  0]LogTemp: Display: Loaded TP IOSTargetPlatform
[2017.10.09-20.41.03:048][  0]LogTemp: Display: Loaded TP TVOSTargetPlatform
[2017.10.09-20.41.03:101][  0]LogTemp: Display: Loaded TP LinuxClientTargetPlatform
[2017.10.09-20.41.03:217][  0]LogTemp: Display: Loaded TP LinuxNoEditorTargetPlatform
[2017.10.09-20.41.03:262][  0]LogTemp: Display: Loaded TP LinuxServerTargetPlatform
[2017.10.09-20.41.03:323][  0]LogTemp: Display: Loaded TP LinuxTargetPlatform
[2017.10.09-20.41.03:323][  0]LogTargetPlatformManager: Display: Building Assets For Windows
[2017.10.09-20.41.04:599][  0]LogDerivedDataCache: Display: Max Cache Size: 512 MB
[2017.10.09-20.41.04:971][  0]LogDerivedDataCache: Loaded boot cache 0.37s 93MB C:/Users/Michael/AppData/Local/UnrealEngine/4.17/DerivedDataCache/Boot.ddc.
[2017.10.09-20.41.04:971][  0]LogDerivedDataCache: Display: Loaded Boot cache: C:/Users/Michael/AppData/Local/UnrealEngine/4.17/DerivedDataCache/Boot.ddc
[2017.10.09-20.41.04:971][  0]LogDerivedDataCache: FDerivedDataBackendGraph:  Pak pak cache file ../../../../LaserSwordsAreCool/DerivedDataCache/DDC.ddp not found, will not use a pak cache.
[2017.10.09-20.41.04:971][  0]LogDerivedDataCache: Unable to find inner node Pak for hierarchical cache Hierarchy.
[2017.10.09-20.41.04:971][  0]LogDerivedDataCache: FDerivedDataBackendGraph:  CompressedPak pak cache file ../../../../LaserSwordsAreCool/DerivedDataCache/Compressed.ddp not found, will not use a pak cache.
[2017.10.09-20.41.04:971][  0]LogDerivedDataCache: Unable to find inner node CompressedPak for hierarchical cache Hierarchy.
[2017.10.09-20.41.05:041][  0]LogDerivedDataCache: Display: Pak cache opened for reading ../../../Engine/DerivedDataCache/Compressed.ddp.
[2017.10.09-20.41.05:054][  0]LogDerivedDataCache: Using Local data cache path C:/Users/Michael/AppData/Local/UnrealEngine/Common/DerivedDataCache: Writable
[2017.10.09-20.41.05:115][  0]LogMaterial: Verifying Global Shaders for PCD3D_SM5
[2017.10.09-20.41.05:125][  0]LogSlate: Using Freetype 2.6.0
[2017.10.09-20.41.05:186][  0]LogSlate: SlateFontCache - WITH_FREETYPE: 1, WITH_HARFBUZZ: 1
[2017.10.09-20.41.05:186][  0]LogSlate: SlateFontCache - WITH_FREETYPE: 1, WITH_HARFBUZZ: 1
[2017.10.09-20.41.12:068][  0]LogAssetRegistry: FAssetRegistry took 0.0267 seconds to start up
[2017.10.09-20.41.15:898][  0]LogInit: Selected Device Profile: [Windows]
[2017.10.09-20.41.21:542][  0]LogContentStreaming: Texture pool size is 0.00 MB
[2017.10.09-20.41.22:433][  0]LogSimplygon: Simplygon DLL not present - disabling.
[2017.10.09-20.41.22:475][  0]LogMeshReduction: Using SimplygonSwarm for distributed automatic mesh merging
[2017.10.09-20.41.22:476][  0]LogMeshReduction: Using QuadricMeshReduction for automatic static mesh reduction
[2017.10.09-20.41.22:476][  0]LogMeshReduction: No automatic skeletal mesh reduction module available
[2017.10.09-20.41.22:476][  0]LogMeshReduction: No automatic mesh merging module available
[2017.10.09-20.41.22:476][  0]LogMeshMerging: No automatic mesh merging module available
[2017.10.09-20.41.25:085][  0]LogNetVersion: LaserSwordsAreCool , NetCL: 3573198, EngineNetVer: 2, GameNetVer: 0 (Checksum: 4071886944)
[2017.10.09-20.41.26:722][  0]LogPackageLocalizationCache: Processed 5 localized package path(s) for 2 prioritized culture(s) in 0.043519 seconds
[2017.10.09-20.41.26:771][  0]LogUObjectArray: 35825 objects as part of root set at end of initial load.
[2017.10.09-20.41.26:771][  0]LogUObjectAllocator: 7529112 out of 0 bytes used by permanent object pool.
[2017.10.09-20.41.26:771][  0]LogUObjectArray: CloseDisregardForGC: 0/0 objects in disregard for GC pool
[2017.10.09-20.41.26:839][  0]LogInit: WinSock: version 1.1 (2.2), MaxSocks=32767, MaxUdp=65467
[2017.10.09-20.41.48:948][  0]LogTcpMessaging: Initializing TcpMessaging bridge
[2017.10.09-20.41.49:010][  0]LogUdpMessaging: Initializing bridge on interface 0.0.0.0:0 to multicast group 230.0.0.1:6666.
[2017.10.09-20.41.50:992][  0]LogMaterial: Uniform references updated for custom material expression Custom.
[2017.10.09-20.41.52:165][  0]SourceControl: Source control is disabled
[2017.10.09-20.41.52:166][  0]SourceControl: Source control is disabled
[2017.10.09-20.41.52:360][  0]SourceControl: Source control is disabled
[2017.10.09-20.41.52:473][  0]SourceControl: Source control is disabled
[2017.10.09-20.41.53:657][  0]LogAndroidPermission: UAndroidPermissionCallbackProxy::GetInstance
[2017.10.09-20.41.54:004][  0]LogOcInput: OculusInput pre-init called
[2017.10.09-20.41.54:753][  0]LogEngine: Initializing Engine...
[2017.10.09-20.41.57:857][  0]LogHMD: SteamVR initialized.  Driver: lighthouse  Display: LHR-2B8C2E96
[2017.10.09-20.42.00:747][  0]LogStats: UGameplayTagsManager::ConstructGameplayTagTree: Construct from data asset -  0.000 s
[2017.10.09-20.42.00:747][  0]LogStats: UGameplayTagsManager::ConstructGameplayTagTree: GameplayTagTreeChangedEvent.Broadcast -  0.000 s
[2017.10.09-20.42.01:411][  0]LogAIModule: Creating AISystem for world Untitled
[2017.10.09-20.42.01:669][  0]LogInit: XAudio2 using 'Speakers (High Definition Audio Device)' : 2 channels at 48 kHz using 16 bits per sample (channel mask 0x3)
[2017.10.09-20.42.01:727][  0]LogInit: FAudioDevice initialized.
[2017.10.09-20.42.01:864][  0]LogDerivedDataCache: Saved boot cache 0.09s 93MB C:/Users/Michael/AppData/Local/UnrealEngine/4.17/DerivedDataCache/Boot.ddc.
[2017.10.09-20.42.01:878][  0]LogInit: Texture streaming: Enabled
[2017.10.09-20.42.02:071][  0]LogEngineSessionManager: EngineSessionManager initialized
[2017.10.09-20.42.02:072][  0]LogEngineSessionManager: EngineSessionManager sent abnormal shutdown report. Type=AbnormalShutdown, SessionId={B05C98B2-421B-C91B-3440-F6898AD8FE92}
[2017.10.09-20.42.02:658][  0]LogInit: Transaction tracking system initialized
[2017.10.09-20.42.03:810][  0]BlueprintLog: New page: Editor Load
[2017.10.09-20.42.14:811][  0]LocalizationService: Localization service is disabled
[2017.10.09-20.42.24:944][  0]LogConsoleResponse: Display: 
[2017.10.09-20.42.34:041][  0]LogFileCache: Scanning file cache for directory 'F:/LaserSwordsAreCool/Content/' took 0.13s
[2017.10.09-20.42.34:042][  0]LogCook: Display: Max memory allowance for cook 16384mb min free memory 0mb
[2017.10.09-20.42.34:058][  0]LogCook: Display: Mobile HDR setting 1
[2017.10.09-20.42.34:059][  0]LogGameplayTags: Display: UGameplayTagsManager::DoneAddingNativeTags. DelegateIsBound: 0
[2017.10.09-20.42.49:481][  0]SourceControl: Source control is disabled
[2017.10.09-20.42.49:481][  0]Cmd: MAP LOAD FILE="../../../../LaserSwordsAreCool/Content/StarterContent/Maps/Minimal_Default.umap" TEMPLATE=0 SHOWPROGRESS=1 FEATURELEVEL=3
[2017.10.09-20.42.49:490][  0]LightingResults: New page: Lighting Build
[2017.10.09-20.42.49:758][  0]MapCheck: New page: Map Check
[2017.10.09-20.42.49:758][  0]LightingResults: New page: Lighting Build
[2017.10.09-20.43.04:092][  0]LogAIModule: Creating AISystem for world Minimal_Default
[2017.10.09-20.43.11:450][  0]LogEditorServer: Finished looking for orphan Actors (0.000 secs)
[2017.10.09-20.43.11:658][  0]Cmd: MAP CHECKDEP NOCLEARLOG
[2017.10.09-20.43.11:736][  0]MapCheck: Map check complete: 0 Error(s), 0 Warning(s), took 77.612ms to complete.
[2017.10.09-20.43.11:736][  0]LogFileHelpers: Loading map 'Minimal_Default' took 22.255
[2017.10.09-20.43.13:044][  0]LogCollectionManager: Loaded 0 collections in 0.003763 seconds
[2017.10.09-20.43.13:370][  0]LogFileCache: Scanning file cache for directory 'F:/LaserSwordsAreCool/Saved/Collections/' took 0.01s
[2017.10.09-20.43.13:370][  0]LogFileCache: Scanning file cache for directory 'F:/LaserSwordsAreCool/Content/Developers/Michael/Collections/' took 0.01s
[2017.10.09-20.43.13:370][  0]LogFileCache: Scanning file cache for directory 'F:/LaserSwordsAreCool/Content/Collections/' took 0.01s
[2017.10.09-20.43.13:370][  0]LogCollectionManager: Rebuilt the GUID cache for 0 collections in 0.000001 seconds
[2017.10.09-20.43.13:385][  0]LogContentBrowser: Native class hierarchy populated in 0.0135 seconds. Added 2386 classes and 500 folders.
[2017.10.09-20.43.13:559][  0]LogContentBrowser: Native class hierarchy updated for 'WidgetCarousel' in 0.0009 seconds. Added 0 classes and 0 folders.
[2017.10.09-20.43.15:599][  0]LogContentBrowser: Native class hierarchy updated for 'AddContentDialog' in 0.0014 seconds. Added 0 classes and 0 folders.
[2017.10.09-20.43.15:840][  0]LogContentBrowser: Native class hierarchy updated for 'SceneOutliner' in 0.0009 seconds. Added 1 classes and 2 folders.
[2017.10.09-20.43.16:762][  0]LogSlate: Took 0.037660 seconds to synchronously load lazily loaded font '../../../Engine/Content/Slate/Fonts/Roboto-Regular.ttf' (155K)
[2017.10.09-20.43.16:784][  0]LogSlate: Took 0.019238 seconds to synchronously load lazily loaded font '../../../Engine/Content/Slate/Fonts/Roboto-Bold.ttf' (160K)
[2017.10.09-20.43.16:837][  0]LogSlate: Took 0.023008 seconds to synchronously load lazily loaded font '../../../Engine/Content/Editor/Slate/Fonts/FontAwesome.ttf' (139K)
[2017.10.09-20.43.17:272][  0]LogRenderer: Reallocating scene render targets to support 1104x564 Format 10 NumSamples 1 (Frame:1).
[2017.10.09-20.43.17:780][  0]LogContentBrowser: Native class hierarchy updated for 'HierarchicalLODOutliner' in 0.0009 seconds. Added 1 classes and 2 folders.
[2017.10.09-20.43.17:780][  0]LogLoad: (Engine Initialization) Total time: 151.71 seconds
[2017.10.09-20.43.17:780][  0]LogLoad: (Engine Initialization) Total Blueprint compile time: 0.00 seconds
[2017.10.09-20.43.17:787][  0]LogExternalProfiler: Found external profiler: VSPerf
[2017.10.09-20.43.17:788][  0]LogExternalProfiler: Using external profiler: VSPerf
[2017.10.09-20.43.17:836][  0]LogTemp: Repeating last play command: VR Preview
[2017.10.09-20.43.17:853][  0]LogWindowsTextInputMethodSystem: Display: IME system now deactivated.
[2017.10.09-20.43.18:195][  0]LogBlueprintUserMessages: Early PlayInEditor Detection: Level '/Game/StarterContent/Maps/Minimal_Default.Minimal_Default:PersistentLevel' has LevelScriptBlueprint '/Game/StarterContent/Maps/Minimal_Default.Minimal_Default:PersistentLevel.Minimal_Default' with GeneratedClass '/Game/StarterContent/Maps/Minimal_Default.Minimal_Default_C' with ClassGeneratedBy '/Game/StarterContent/Maps/Minimal_Default.Minimal_Default:PersistentLevel.Minimal_Default'
[2017.10.09-20.43.18:209][  0]LogPlayLevel: PlayLevel: No blueprints needed recompiling
[2017.10.09-20.43.18:212][  0]PIE: New page: PIE session: Minimal_Default (Oct 9, 2017, 12:43:18 PM)
[2017.10.09-20.43.18:227][  0]LogPlayLevel: Creating play world package: /Game/StarterContent/Maps/UEDPIE_0_Minimal_Default
[2017.10.09-20.43.18:250][  0]LogPlayLevel: PIE: StaticDuplicateObject took: (0.023195s)
[2017.10.09-20.43.18:251][  0]LogAIModule: Creating AISystem for world Minimal_Default
[2017.10.09-20.43.18:252][  0]LogPlayLevel: PIE: World Init took: (0.001334s)
[2017.10.09-20.43.18:252][  0]LogPlayLevel: PIE: Created PIE world by copying editor world from /Game/StarterContent/Maps/Minimal_Default.Minimal_Default to /Game/StarterContent/Maps/UEDPIE_0_Minimal_Default.Minimal_Default (0.025300s)
[2017.10.09-20.43.18:353][  0]LogInit: XAudio2 using 'Speakers (High Definition Audio Device)' : 2 channels at 48 kHz using 16 bits per sample (channel mask 0x3)
[2017.10.09-20.43.18:409][  0]LogInit: FAudioDevice initialized.
[2017.10.09-20.43.18:619][  0]LogLoad: Game class is 'GameModeBase'
[2017.10.09-20.43.18:681][  0]LogWorld: Bringing World /Game/StarterContent/Maps/UEDPIE_0_Minimal_Default.Minimal_Default up for play (max tick rate 0) at 2017.10.09-16.43.18
[2017.10.09-20.43.18:699][  0]LogWorld: Bringing up level for play took: 0.020496
[2017.10.09-20.43.18:823][  0]LogContentBrowser: Native class hierarchy updated for 'MovieSceneCapture' in 0.0012 seconds. Added 11 classes and 0 folders.
[2017.10.09-20.43.18:845][  0]PIE: Play in editor start time for /Game/StarterContent/Maps/UEDPIE_0_Minimal_Default 1.561
[2017.10.09-20.43.18:846][  0]LogBlueprintUserMessages: Late PlayInEditor Detection: Level '/Game/StarterContent/Maps/Minimal_Default.Minimal_Default:PersistentLevel' has LevelScriptBlueprint '/Game/StarterContent/Maps/Minimal_Default.Minimal_Default:PersistentLevel.Minimal_Default' with GeneratedClass '/Game/StarterContent/Maps/Minimal_Default.Minimal_Default_C' with ClassGeneratedBy '/Game/StarterContent/Maps/Minimal_Default.Minimal_Default:PersistentLevel.Minimal_Default'
[2017.10.09-20.43.18:915][  0]LogRenderer: Reallocating scene render targets to support 3024x1680 Format 10 NumSamples 1 (Frame:1).
[2017.10.09-20.43.18:915][  0]LogContentStreaming: Texture pool size now 1000 MB
[2017.10.09-20.43.19:205][  1]LogAssetRegistry: Asset discovery search completed in 127.1601 seconds
[2017.10.09-20.43.19:208][  1]LogCollectionManager: Rebuilt the object cache for 0 collections in 0.000001 seconds (found 0 objects)
[2017.10.09-20.43.19:224][  1]LogCollectionManager: Fixed up redirectors for 0 collections in 0.014979 seconds (updated 0 objects)
[2017.10.09-20.43.19:561][  3]LogHMD: Warning:  SteamVR Compositor had an error on present (108)
[2017.10.09-20.43.20:205][  5]LogHMD: Warning:  SteamVR Compositor had an error on present (108)
[2017.10.09-20.43.20:206][  5]LogHMD: Warning:  SteamVR Compositor had an error on present (108)
[2017.10.09-20.43.20:212][  7]LogHMD: Warning:  SteamVR Compositor had an error on present (108)
[2017.10.09-20.43.20:215][  8]LogHMD: Warning:  SteamVR Compositor had an error on present (108)
[2017.10.09-20.43.20:218][  9]LogHMD: Warning:  SteamVR Compositor had an error on present (108)
[2017.10.09-20.43.20:221][ 10]LogHMD: Warning:  SteamVR Compositor had an error on present (108)
[2017.10.09-20.43.20:224][ 11]LogHMD: Warning:  SteamVR Compositor had an error on present (108)
[2017.10.09-20.43.20:229][ 12]LogHMD: Warning:  SteamVR Compositor had an error on present (108)
[2017.10.09-20.43.20:231][ 13]LogHMD: Warning:  SteamVR Compositor had an error on present (108)
[2017.10.09-20.43.20:235][ 14]LogHMD: Warning:  SteamVR Compositor had an error on present (108)
[2017.10.09-20.43.20:240][ 15]LogHMD: Warning:  SteamVR Compositor had an error on present (108)
[2017.10.09-20.43.20:245][ 16]LogHMD: Warning:  SteamVR Compositor had an error on present (108)
[2017.10.09-20.43.20:249][ 17]LogHMD: Warning:  SteamVR Compositor had an error on present (108)
[2017.10.09-20.43.20:252][ 18]LogHMD: Warning:  SteamVR Compositor had an error on present (108)
[2017.10.09-20.43.20:258][ 19]LogHMD: Warning:  SteamVR Compositor had an error on present (108)
[2017.10.09-20.43.20:258][ 19]LogHMD: Warning:  SteamVR Compositor had an error on present (108)
[2017.10.09-20.43.20:269][ 21]LogHMD: Warning:  SteamVR Compositor had an error on present (108)
[2017.10.09-20.43.20:273][ 22]LogHMD: Warning:  SteamVR Compositor had an error on present (108)
[2017.10.09-20.43.20:277][ 23]LogHMD: Warning:  SteamVR Compositor had an error on present (108)
[2017.10.09-20.43.20:282][ 24]LogHMD: Warning:  SteamVR Compositor had an error on present (108)
[2017.10.09-20.43.20:289][ 25]LogHMD: Warning:  SteamVR Compositor had an error on present (108)
[2017.10.09-20.43.20:292][ 26]LogHMD: Warning:  SteamVR Compositor had an error on present (108)
[2017.10.09-20.43.20:295][ 27]LogHMD: Warning:  SteamVR Compositor had an error on present (108)
[2017.10.09-20.43.20:297][ 28]LogHMD: Warning:  SteamVR Compositor had an error on present (108)
[2017.10.09-20.43.20:300][ 29]LogHMD: Warning:  SteamVR Compositor had an error on present (108)
[2017.10.09-20.43.20:303][ 30]LogHMD: Warning:  SteamVR Compositor had an error on present (108)
[2017.10.09-20.43.20:303][ 30]LogHMD: Warning:  SteamVR Compositor had an error on present (108)
[2017.10.09-20.43.20:307][ 31]LogHMD: Warning:  SteamVR Compositor had an error on present (108)
[2017.10.09-20.43.20:311][ 33]LogHMD: Warning:  SteamVR Compositor had an error on present (108)
[2017.10.09-20.43.20:314][ 34]LogHMD: Warning:  SteamVR Compositor had an error on present (108)
[2017.10.09-20.43.20:316][ 35]LogHMD: Warning:  SteamVR Compositor had an error on present (108)
[2017.10.09-20.43.20:318][ 36]LogHMD: Warning:  SteamVR Compositor had an error on present (108)
[2017.10.09-20.43.20:319][ 36]LogHMD: Warning:  SteamVR Compositor had an error on present (108)
[2017.10.09-20.43.20:322][ 38]LogHMD: Warning:  SteamVR Compositor had an error on present (108)
[2017.10.09-20.43.20:325][ 39]LogHMD: Warning:  SteamVR Compositor had an error on present (108)
[2017.10.09-20.43.20:328][ 40]LogHMD: Warning:  SteamVR Compositor had an error on present (108)
[2017.10.09-20.43.20:330][ 41]LogHMD: Warning:  SteamVR Compositor had an error on present (108)
[2017.10.09-20.43.20:332][ 42]LogHMD: Warning:  SteamVR Compositor had an error on present (108)
[2017.10.09-20.43.20:333][ 42]LogHMD: Warning:  SteamVR Compositor had an error on present (108)
[2017.10.09-20.43.20:341][ 44]LogHMD: Warning:  SteamVR Compositor had an error on present (108)
[2017.10.09-20.43.20:343][ 45]LogHMD: Warning:  SteamVR Compositor had an error on present (108)
[2017.10.09-20.43.20:346][ 46]LogHMD: Warning:  SteamVR Compositor had an error on present (108)
[2017.10.09-20.43.20:350][ 47]LogHMD: Warning:  SteamVR Compositor had an error on present (108)
[2017.10.09-20.43.20:350][ 47]LogHMD: Warning:  SteamVR Compositor had an error on present (108)
[2017.10.09-20.43.20:355][ 49]LogHMD: Warning:  SteamVR Compositor had an error on present (108)
[2017.10.09-20.43.20:359][ 50]LogHMD: Warning:  SteamVR Compositor had an error on present (108)
[2017.10.09-20.43.20:359][ 50]LogHMD: Warning:  SteamVR Compositor had an error on present (108)
[2017.10.09-20.43.20:364][ 52]LogHMD: Warning:  SteamVR Compositor had an error on present (108)
[2017.10.09-20.43.20:367][ 53]LogHMD: Warning:  SteamVR Compositor had an error on present (108)
[2017.10.09-20.43.20:370][ 54]LogHMD: Warning:  SteamVR Compositor had an error on present (108)
[2017.10.09-20.43.20:370][ 54]LogHMD: Warning:  SteamVR Compositor had an error on present (108)
[2017.10.09-20.43.20:375][ 56]LogHMD: Warning:  SteamVR Compositor had an error on present (108)
[2017.10.09-20.43.20:379][ 57]LogHMD: Warning:  SteamVR Compositor had an error on present (108)
[2017.10.09-20.43.20:379][ 57]LogHMD: Warning:  SteamVR Compositor had an error on present (108)
[2017.10.09-20.43.20:383][ 59]LogHMD: Warning:  SteamVR Compositor had an error on present (108)
[2017.10.09-20.43.20:386][ 60]LogHMD: Warning:  SteamVR Compositor had an error on present (108)
[2017.10.09-20.43.20:390][ 61]LogHMD: Warning:  SteamVR Compositor had an error on present (108)
[2017.10.09-20.43.20:390][ 61]LogHMD: Warning:  SteamVR Compositor had an error on present (108)
[2017.10.09-20.43.20:396][ 63]LogHMD: Warning:  SteamVR Compositor had an error on present (108)
[2017.10.09-20.43.20:399][ 64]LogHMD: Warning:  SteamVR Compositor had an error on present (108)
[2017.10.09-20.43.20:402][ 65]LogHMD: Warning:  SteamVR Compositor had an error on present (108)
[2017.10.09-20.43.20:406][ 66]LogHMD: Warning:  SteamVR Compositor had an error on present (108)
[2017.10.09-20.43.20:410][ 67]LogHMD: Warning:  SteamVR Compositor had an error on present (108)
[2017.10.09-20.43.20:414][ 68]LogHMD: Warning:  SteamVR Compositor had an error on present (108)
[2017.10.09-20.43.20:417][ 69]LogHMD: Warning:  SteamVR Compositor had an error on present (108)
[2017.10.09-20.43.20:417][ 69]LogHMD: Warning:  SteamVR Compositor had an error on present (108)
[2017.10.09-20.43.20:423][ 71]LogHMD: Warning:  SteamVR Compositor had an error on present (108)
[2017.10.09-20.43.20:426][ 72]LogHMD: Warning:  SteamVR Compositor had an error on present (108)
[2017.10.09-20.43.20:431][ 73]LogHMD: Warning:  SteamVR Compositor had an error on present (108)
[2017.10.09-20.43.20:434][ 74]LogHMD: Warning:  SteamVR Compositor had an error on present (108)
[2017.10.09-20.43.20:437][ 75]LogHMD: Warning:  SteamVR Compositor had an error on present (108)
[2017.10.09-20.43.20:441][ 76]LogHMD: Warning:  SteamVR Compositor had an error on present (108)
[2017.10.09-20.43.20:441][ 76]LogHMD: Warning:  SteamVR Compositor had an error on present (108)
[2017.10.09-20.43.20:447][ 78]LogHMD: Warning:  SteamVR Compositor had an error on present (108)
[2017.10.09-20.43.20:451][ 79]LogHMD: Warning:  SteamVR Compositor had an error on present (108)
[2017.10.09-20.43.20:454][ 80]LogHMD: Warning:  SteamVR Compositor had an error on present (108)
[2017.10.09-20.43.20:456][ 81]LogHMD: Warning:  SteamVR Compositor had an error on present (108)
[2017.10.09-20.43.20:460][ 82]LogHMD: Warning:  SteamVR Compositor had an error on present (108)
[2017.10.09-20.43.20:462][ 83]LogHMD: Warning:  SteamVR Compositor had an error on present (108)
[2017.10.09-20.43.20:465][ 84]LogHMD: Warning:  SteamVR Compositor had an error on present (108)
[2017.10.09-20.43.20:467][ 85]LogHMD: Warning:  SteamVR Compositor had an error on present (108)
[2017.10.09-20.43.20:470][ 86]LogHMD: Warning:  SteamVR Compositor had an error on present (108)
[2017.10.09-20.43.20:473][ 87]LogHMD: Warning:  SteamVR Compositor had an error on present (108)
[2017.10.09-20.43.20:507][ 88]LogHMD: Warning:  SteamVR Compositor had an error on present (108)
[2017.10.09-20.43.20:507][ 88]LogHMD: Warning:  SteamVR Compositor had an error on present (108)
[2017.10.09-20.43.20:509][ 88]LogBlueprintUserMessages: Early EndPlayMap Detection: Level '/Game/StarterContent/Maps/Minimal_Default.Minimal_Default:PersistentLevel' has LevelScriptBlueprint '/Game/StarterContent/Maps/Minimal_Default.Minimal_Default:PersistentLevel.Minimal_Default' with GeneratedClass '/Game/StarterContent/Maps/Minimal_Default.Minimal_Default_C' with ClassGeneratedBy '/Game/StarterContent/Maps/Minimal_Default.Minimal_Default:PersistentLevel.Minimal_Default'
[2017.10.09-20.43.21:260][ 88]LogSlate: Took 0.023826 seconds to synchronously load lazily loaded font '../../../Engine/Content/Slate/Fonts/Roboto-Light.ttf' (159K)
[2017.10.09-20.43.21:446][ 88]LogSlate: Took 0.000326 seconds to synchronously load lazily loaded font '../../../Engine/Content/Slate/Fonts/Roboto-Light.ttf' (159K)
[2017.10.09-20.43.21:985][ 88]LogBlueprintUserMessages: Late EndPlayMap Detection: Level '/Game/StarterContent/Maps/Minimal_Default.Minimal_Default:PersistentLevel' has LevelScriptBlueprint '/Game/StarterContent/Maps/Minimal_Default.Minimal_Default:PersistentLevel.Minimal_Default' with GeneratedClass '/Game/StarterContent/Maps/Minimal_Default.Minimal_Default_C' with ClassGeneratedBy '/Game/StarterContent/Maps/Minimal_Default.Minimal_Default:PersistentLevel.Minimal_Default'
[2017.10.09-21.18.03:461][438]LogEditorViewport: Clicking on Actor (LMB): VRPlayer_C (VRPlayer)
[2017.10.09-21.18.03:955][453]LogSlate: Took 0.024720 seconds to synchronously load lazily loaded font '../../../Engine/Content/Editor/Slate/Fonts/Roboto-Italic.ttf' (157K)
[2017.10.09-21.18.09:531][653]LogSlate: Took 0.000254 seconds to synchronously load lazily loaded font '../../../Engine/Content/Slate/Fonts/Roboto-Light.ttf' (159K)
[2017.10.09-21.18.10:297][653]LogContentBrowser: Native class hierarchy updated for 'BlueprintGraph' in 0.0023 seconds. Added 113 classes and 0 folders.
[2017.10.09-21.18.11:673][653]LogSlate: Took 0.021151 seconds to synchronously load lazily loaded font '../../../Engine/Content/Editor/Slate/Fonts/Roboto-BoldCondensed.ttf' (158K)
[2017.10.09-21.20.52:486][ 56]BlueprintLog: New page: Compile VRPlayer
[2017.10.09-21.20.53:492][ 87]Cmd: OBJ SAVEPACKAGE PACKAGE="/Game/BaseballPOC/VRPlayer" FILE="../../../../LaserSwordsAreCool/Content/BaseballPOC/VRPlayer.uasset" SILENT=true
[2017.10.09-21.20.53:639][ 87]LogSavePackage: Save=133.73ms
[2017.10.09-21.20.53:640][ 87]LogSavePackage: Moving '../../../../LaserSwordsAreCool/Saved/VRPlayerFA208B8C4E1DFC92E619EEBC93411D79.tmp' to '../../../../LaserSwordsAreCool/Content/BaseballPOC/VRPlayer.uasset'
[2017.10.09-21.20.53:645][ 87]LogSavePackage: Display: Finished SavePackage ../../../../LaserSwordsAreCool/Content/BaseballPOC/VRPlayer.uasset
[2017.10.09-21.21.49:297][105]LogSavePackage: Save=90.35ms
[2017.10.09-21.21.49:298][105]LogSavePackage: Moving '../../../../LaserSwordsAreCool/Saved/Minimal_Default_Auto1ADCF26454333242354594CAA19D47687.tmp' to '../../../../LaserSwordsAreCool/Saved/Autosaves/Game/StarterContent/Maps/Minimal_Default_Auto1.umap'
[2017.10.09-21.21.49:298][105]LogSavePackage: Display: Finished SavePackage ../../../../LaserSwordsAreCool/Saved/Autosaves/Game/StarterContent/Maps/Minimal_Default_Auto1.umap
[2017.10.09-21.21.49:303][105]LogFileHelpers: Editor autosave (incl. sublevels) for '/Game/StarterContent/Maps/Minimal_Default' took 0.123
[2017.10.09-21.21.49:303][105]LogFileHelpers: Editor autosave (incl. sublevels) for all levels took 0.123
[2017.10.09-21.23.02:886][871]LogContentBrowser: Native class hierarchy updated for 'MaterialEditor' in 0.0011 seconds. Added 1 classes and 0 folders.
[2017.10.09-21.24.02:229][ 27]LogMaterial: Missing cached shader map for material M_Water_Ocean, compiling. 
[2017.10.09-21.24.02:802][ 27]LogMaterial: Missing cached shader map for material M_Water_Ocean, compiling. 
[2017.10.09-21.24.02:858][ 27]LogMaterial: Missing cached shader map for material FMatExpressionPreview MaterialExpressionVectorParameter_4, compiling. 
[2017.10.09-21.24.02:863][ 27]LogMaterial: Missing cached shader map for material FMatExpressionPreview MaterialExpressionTextureSample_6, compiling. 
[2017.10.09-21.24.02:867][ 27]LogMaterial: Missing cached shader map for material FMatExpressionPreview MaterialExpressionTextureSample_18, compiling. 
[2017.10.09-21.24.02:872][ 27]LogMaterial: Missing cached shader map for material FMatExpressionPreview MaterialExpressionTextureSample_15, compiling. 
[2017.10.09-21.24.02:877][ 27]LogMaterial: Missing cached shader map for material FMatExpressionPreview MaterialExpressionTextureSample_16, compiling. 
[2017.10.09-21.24.02:881][ 27]LogMaterial: Missing cached shader map for material FMatExpressionPreview MaterialExpressionConstant3Vector_22, compiling. 
[2017.10.09-21.24.02:887][ 27]LogMaterial: Missing cached shader map for material FMatExpressionPreview MaterialExpressionTextureSample_19, compiling. 
[2017.10.09-21.24.02:892][ 27]LogMaterial: Missing cached shader map for material FMatExpressionPreview MaterialExpressionTextureSample_21, compiling. 
[2017.10.09-21.24.02:897][ 27]LogMaterial: Missing cached shader map for material FMatExpressionPreview MaterialExpressionVectorParameter_2, compiling. 
[2017.10.09-21.24.02:902][ 27]LogMaterial: Missing cached shader map for material FMatExpressionPreview MaterialExpressionConstant3Vector_4, compiling. 
[2017.10.09-21.24.09:751][630]LogMaterial: Missing cached shader map for material M_Water_Ocean, compiling. 
[2017.10.09-21.24.11:771][764]LogMaterial: Missing cached shader map for material M_Water_Ocean, compiling. 
[2017.10.09-21.24.14:185][923]LogMaterial: Missing cached shader map for material M_Water_Ocean, compiling. 
[2017.10.09-21.24.15:511][ 29]LogMaterialEditor: Saving and Compiling material M_Water_Ocean
[2017.10.09-21.24.16:517][ 29]LogMaterial: Missing cached shader map for material M_Water_Ocean, compiling. 
[2017.10.09-21.24.16:611][ 29]LogMaterial: Missing cached shader map for material M_Water_Ocean, compiling. 
[2017.10.09-21.24.16:675][ 29]LogMaterial: Missing cached shader map for material M_Water_Ocean, compiling. 
[2017.10.09-21.24.16:828][ 29]LogMaterial: Missing cached shader map for material FDebugViewModeMaterialProxy M_Water_Ocean, compiling. 
[2017.10.09-21.24.23:953][ 29]TextureStreamingBuild: Display: Compiling optional shaders took 7.161 seconds.
[2017.10.09-21.24.28:696][ 29]LogSlate: Took 0.000195 seconds to synchronously load lazily loaded font '../../../Engine/Content/Slate/Fonts/Roboto-Regular.ttf' (155K)
[2017.10.09-21.24.28:736][ 29]Cmd: OBJ SAVEPACKAGE PACKAGE="/Game/StarterContent/Materials/M_Water_Ocean" FILE="../../../../LaserSwordsAreCool/Content/StarterContent/Materials/M_Water_Ocean.uasset" SILENT=true
[2017.10.09-21.24.28:780][ 29]LogSavePackage: Save=34.93ms
[2017.10.09-21.24.28:780][ 29]LogSavePackage: Moving '../../../../LaserSwordsAreCool/Saved/M_Water_Ocean614B39954B5C3AD7F912E585DF3CDD7F.tmp' to '../../../../LaserSwordsAreCool/Content/StarterContent/Materials/M_Water_Ocean.uasset'
[2017.10.09-21.24.28:782][ 29]LogSavePackage: Display: Finished SavePackage ../../../../LaserSwordsAreCool/Content/StarterContent/Materials/M_Water_Ocean.uasset
[2017.10.09-21.24.28:791][ 29]MaterialEditorStats: Base pass shader: 129 instructions
[2017.10.09-21.24.28:792][ 29]MaterialEditorStats: Vertex shader: 31 instructions
[2017.10.09-21.24.28:792][ 29]MaterialEditorStats: Texture samplers: 6/16
[2017.10.09-21.24.28:792][ 29]MaterialEditorStats: User interpolators: 2/4 Scalars (1/4 Vectors) (TexCoords: 2, Custom: 0)
[2017.10.09-21.24.38:320][691]Cmd: OBJ SAVEPACKAGE PACKAGE="/Game/BaseballPOC/VRPlayer" FILE="../../../../LaserSwordsAreCool/Content/BaseballPOC/VRPlayer.uasset" SILENT=true
[2017.10.09-21.24.38:434][691]LogSavePackage: Save=107.87ms
[2017.10.09-21.24.38:434][691]LogSavePackage: Moving '../../../../LaserSwordsAreCool/Saved/VRPlayer17B655E8444AB269F8DABF9D496FF3BE.tmp' to '../../../../LaserSwordsAreCool/Content/BaseballPOC/VRPlayer.uasset'
[2017.10.09-21.24.38:438][691]LogSavePackage: Display: Finished SavePackage ../../../../LaserSwordsAreCool/Content/BaseballPOC/VRPlayer.uasset
[2017.10.09-21.25.01:132][593]BlueprintLog: New page: Compile VRPlayer
[2017.10.09-21.25.17:329][793]LogMaterial: Missing cached shader map for material FMatExpressionPreview MaterialExpressionConstant_0, compiling. 
[2017.10.09-21.25.22:871][224]LogMaterial: Missing cached shader map for material M_Water_Ocean, compiling. 
[2017.10.09-21.25.22:902][224]LogMaterial: Missing cached shader map for material FMatExpressionPreview MaterialExpressionConstant_0, compiling. 
[2017.10.09-21.25.25:418][410]LogMaterialEditor: Saving and Compiling material M_Water_Ocean
[2017.10.09-21.25.26:477][410]LogMaterial: Missing cached shader map for material M_Water_Ocean, compiling. 
[2017.10.09-21.25.26:612][410]LogMaterial: Missing cached shader map for material M_Water_Ocean, compiling. 
[2017.10.09-21.25.26:812][410]LogMaterial: Missing cached shader map for material M_Water_Ocean, compiling. 
[2017.10.09-21.25.26:915][410]LogMaterial: Missing cached shader map for material FDebugViewModeMaterialProxy M_Water_Ocean, compiling. 
[2017.10.09-21.25.33:996][410]TextureStreamingBuild: Display: Compiling optional shaders took 7.089 seconds.
[2017.10.09-21.25.40:630][410]Cmd: OBJ SAVEPACKAGE PACKAGE="/Game/StarterContent/Materials/M_Water_Ocean" FILE="../../../../LaserSwordsAreCool/Content/StarterContent/Materials/M_Water_Ocean.uasset" SILENT=true
[2017.10.09-21.25.40:667][410]LogSavePackage: Save=30.66ms
[2017.10.09-21.25.40:667][410]LogSavePackage: Moving '../../../../LaserSwordsAreCool/Saved/M_Water_OceanFD7B61614EBF173D721F108EB1239B26.tmp' to '../../../../LaserSwordsAreCool/Content/StarterContent/Materials/M_Water_Ocean.uasset'
[2017.10.09-21.25.40:671][410]LogSavePackage: Display: Finished SavePackage ../../../../LaserSwordsAreCool/Content/StarterContent/Materials/M_Water_Ocean.uasset
[2017.10.09-21.25.40:687][410]MaterialEditorStats: Base pass shader: 129 instructions
[2017.10.09-21.25.40:687][410]MaterialEditorStats: Vertex shader: 31 instructions
[2017.10.09-21.25.40:687][410]MaterialEditorStats: Texture samplers: 6/16
[2017.10.09-21.25.40:687][410]MaterialEditorStats: User interpolators: 2/4 Scalars (1/4 Vectors) (TexCoords: 2, Custom: 0)
[2017.10.09-21.26.19:145][466]Cmd: OBJ SAVEPACKAGE PACKAGE="/Game/StarterContent/Maps/Minimal_Default" FILE="../../../../LaserSwordsAreCool/Content/StarterContent/Maps/Minimal_Default.umap" SILENT=true AUTOSAVING=false KEEPDIRTY=false
[2017.10.09-21.26.19:241][466]LogSavePackage: Save=63.89ms
[2017.10.09-21.26.19:241][466]LogSavePackage: Moving '../../../../LaserSwordsAreCool/Saved/Minimal_Default0DD2E2104F2E0B33C3C7288C8C732C5C.tmp' to '../../../../LaserSwordsAreCool/Content/StarterContent/Maps/Minimal_Default.umap'
[2017.10.09-21.26.19:243][466]LogSavePackage: Display: Finished SavePackage ../../../../LaserSwordsAreCool/Content/StarterContent/Maps/Minimal_Default.umap
[2017.10.09-21.26.19:270][466]Cmd: OBJ SAVEPACKAGE PACKAGE="/Game/StarterContent/Maps/Minimal_Default_BuiltData" FILE="../../../../LaserSwordsAreCool/Content/StarterContent/Maps/Minimal_Default_BuiltData.uasset" SILENT=true
[2017.10.09-21.26.19:337][466]LogSavePackage: Save=57.47ms
[2017.10.09-21.26.19:337][466]LogSavePackage: Moving '../../../../LaserSwordsAreCool/Saved/Minimal_Default_BuiltData9A8EF7A44AE6F61EC65975AD02F5B04C.tmp' to '../../../../LaserSwordsAreCool/Content/StarterContent/Maps/Minimal_Default_BuiltData.uasset'
[2017.10.09-21.26.19:338][466]LogSavePackage: Display: Finished SavePackage ../../../../LaserSwordsAreCool/Content/StarterContent/Maps/Minimal_Default_BuiltData.uasset
[2017.10.09-21.27.06:285][677]LogEditorViewport: Clicking on Actor (LMB): StaticMeshActor (Floor)
[2017.10.09-21.27.07:305][757]LogEditorViewport: Clicking on Actor (LMB): VRPlayer_C (VRPlayer)
[2017.10.09-21.29.05:467][ 52]LogTemp: Repeating last play command: VR Preview
[2017.10.09-21.29.05:551][ 52]LogBlueprintUserMessages: Early PlayInEditor Detection: Level '/Game/StarterContent/Maps/Minimal_Default.Minimal_Default:PersistentLevel' has LevelScriptBlueprint '/Game/StarterContent/Maps/Minimal_Default.Minimal_Default:PersistentLevel.Minimal_Default' with GeneratedClass '/Game/StarterContent/Maps/Minimal_Default.Minimal_Default_C' with ClassGeneratedBy '/Game/StarterContent/Maps/Minimal_Default.Minimal_Default:PersistentLevel.Minimal_Default'
[2017.10.09-21.29.05:551][ 52]LogPlayLevel: PlayLevel: No blueprints needed recompiling
[2017.10.09-21.29.05:551][ 52]PIE: New page: PIE session: Minimal_Default (Oct 9, 2017, 1:29:05 PM)
[2017.10.09-21.29.05:551][ 52]LogPlayLevel: Creating play world package: /Game/StarterContent/Maps/UEDPIE_0_Minimal_Default
[2017.10.09-21.29.05:561][ 52]LogPlayLevel: PIE: StaticDuplicateObject took: (0.009511s)
[2017.10.09-21.29.05:562][ 52]LogAIModule: Creating AISystem for world Minimal_Default
[2017.10.09-21.29.05:563][ 52]LogPlayLevel: PIE: World Init took: (0.001795s)
[2017.10.09-21.29.05:563][ 52]LogPlayLevel: PIE: Created PIE world by copying editor world from /Game/StarterContent/Maps/Minimal_Default.Minimal_Default to /Game/StarterContent/Maps/UEDPIE_0_Minimal_Default.Minimal_Default (0.011684s)
[2017.10.09-21.29.05:633][ 52]LogInit: XAudio2 using 'Speakers (High Definition Audio Device)' : 2 channels at 48 kHz using 16 bits per sample (channel mask 0x3)
[2017.10.09-21.29.05:642][ 52]LogInit: FAudioDevice initialized.
[2017.10.09-21.29.08:088][ 52]LogHMD: SteamVR initialized.  Driver: lighthouse  Display: LHR-2B8C2E96
[2017.10.09-21.29.08:148][ 52]LogLoad: Game class is 'GameModeBase'
[2017.10.09-21.29.08:153][ 52]LogWorld: Bringing World /Game/StarterContent/Maps/UEDPIE_0_Minimal_Default.Minimal_Default up for play (max tick rate 0) at 2017.10.09-17.29.08
[2017.10.09-21.29.08:154][ 52]LogWorld: Bringing up level for play took: 0.004020
[2017.10.09-21.29.08:197][ 52]PIE: Play in editor start time for /Game/StarterContent/Maps/UEDPIE_0_Minimal_Default 2.913
[2017.10.09-21.29.08:198][ 52]LogBlueprintUserMessages: Late PlayInEditor Detection: Level '/Game/StarterContent/Maps/Minimal_Default.Minimal_Default:PersistentLevel' has LevelScriptBlueprint '/Game/StarterContent/Maps/Minimal_Default.Minimal_Default:PersistentLevel.Minimal_Default' with GeneratedClass '/Game/StarterContent/Maps/Minimal_Default.Minimal_Default_C' with ClassGeneratedBy '/Game/StarterContent/Maps/Minimal_Default.Minimal_Default:PersistentLevel.Minimal_Default'
[2017.10.09-21.29.14:880][ 96]LogBlueprintUserMessages: Early EndPlayMap Detection: Level '/Game/StarterContent/Maps/Minimal_Default.Minimal_Default:PersistentLevel' has LevelScriptBlueprint '/Game/StarterContent/Maps/Minimal_Default.Minimal_Default:PersistentLevel.Minimal_Default' with GeneratedClass '/Game/StarterContent/Maps/Minimal_Default.Minimal_Default_C' with ClassGeneratedBy '/Game/StarterContent/Maps/Minimal_Default.Minimal_Default:PersistentLevel.Minimal_Default'
[2017.10.09-21.29.15:169][ 96]LogBlueprintUserMessages: Late EndPlayMap Detection: Level '/Game/StarterContent/Maps/Minimal_Default.Minimal_Default:PersistentLevel' has LevelScriptBlueprint '/Game/StarterContent/Maps/Minimal_Default.Minimal_Default:PersistentLevel.Minimal_Default' with GeneratedClass '/Game/StarterContent/Maps/Minimal_Default.Minimal_Default_C' with ClassGeneratedBy '/Game/StarterContent/Maps/Minimal_Default.Minimal_Default:PersistentLevel.Minimal_Default'
[2017.10.09-21.30.02:775][240]LogTemp: Repeating last play command: VR Preview
[2017.10.09-21.30.02:806][240]LogBlueprintUserMessages: Early PlayInEditor Detection: Level '/Game/StarterContent/Maps/Minimal_Default.Minimal_Default:PersistentLevel' has LevelScriptBlueprint '/Game/StarterContent/Maps/Minimal_Default.Minimal_Default:PersistentLevel.Minimal_Default' with GeneratedClass '/Game/StarterContent/Maps/Minimal_Default.Minimal_Default_C' with ClassGeneratedBy '/Game/StarterContent/Maps/Minimal_Default.Minimal_Default:PersistentLevel.Minimal_Default'
[2017.10.09-21.30.02:807][240]LogPlayLevel: PlayLevel: No blueprints needed recompiling
[2017.10.09-21.30.02:807][240]PIE: New page: PIE session: Minimal_Default (Oct 9, 2017, 1:30:02 PM)
[2017.10.09-21.30.02:807][240]LogPlayLevel: Creating play world package: /Game/StarterContent/Maps/UEDPIE_0_Minimal_Default
[2017.10.09-21.30.02:819][240]LogPlayLevel: PIE: StaticDuplicateObject took: (0.012407s)
[2017.10.09-21.30.02:820][240]LogAIModule: Creating AISystem for world Minimal_Default
[2017.10.09-21.30.02:821][240]LogPlayLevel: PIE: World Init took: (0.001079s)
[2017.10.09-21.30.02:821][240]LogPlayLevel: PIE: Created PIE world by copying editor world from /Game/StarterContent/Maps/Minimal_Default.Minimal_Default to /Game/StarterContent/Maps/UEDPIE_0_Minimal_Default.Minimal_Default (0.013992s)
[2017.10.09-21.30.02:958][240]LogInit: XAudio2 using 'Speakers (High Definition Audio Device)' : 2 channels at 48 kHz using 16 bits per sample (channel mask 0x3)
[2017.10.09-21.30.02:977][240]LogInit: FAudioDevice initialized.
[2017.10.09-21.30.03:117][240]LogLoad: Game class is 'GameModeBase'
[2017.10.09-21.30.03:123][240]LogWorld: Bringing World /Game/StarterContent/Maps/UEDPIE_0_Minimal_Default.Minimal_Default up for play (max tick rate 0) at 2017.10.09-17.30.03
[2017.10.09-21.30.03:124][240]LogWorld: Bringing up level for play took: 0.004658
[2017.10.09-21.30.03:145][240]PIE: Play in editor start time for /Game/StarterContent/Maps/UEDPIE_0_Minimal_Default -0.139
[2017.10.09-21.30.03:146][240]LogBlueprintUserMessages: Late PlayInEditor Detection: Level '/Game/StarterContent/Maps/Minimal_Default.Minimal_Default:PersistentLevel' has LevelScriptBlueprint '/Game/StarterContent/Maps/Minimal_Default.Minimal_Default:PersistentLevel.Minimal_Default' with GeneratedClass '/Game/StarterContent/Maps/Minimal_Default.Minimal_Default_C' with ClassGeneratedBy '/Game/StarterContent/Maps/Minimal_Default.Minimal_Default:PersistentLevel.Minimal_Default'
[2017.10.09-21.30.16:895][826]LogBlueprintUserMessages: Early EndPlayMap Detection: Level '/Game/StarterContent/Maps/Minimal_Default.Minimal_Default:PersistentLevel' has LevelScriptBlueprint '/Game/StarterContent/Maps/Minimal_Default.Minimal_Default:PersistentLevel.Minimal_Default' with GeneratedClass '/Game/StarterContent/Maps/Minimal_Default.Minimal_Default_C' with ClassGeneratedBy '/Game/StarterContent/Maps/Minimal_Default.Minimal_Default:PersistentLevel.Minimal_Default'
[2017.10.09-21.30.17:234][826]LogBlueprintUserMessages: Late EndPlayMap Detection: Level '/Game/StarterContent/Maps/Minimal_Default.Minimal_Default:PersistentLevel' has LevelScriptBlueprint '/Game/StarterContent/Maps/Minimal_Default.Minimal_Default:PersistentLevel.Minimal_Default' with GeneratedClass '/Game/StarterContent/Maps/Minimal_Default.Minimal_Default_C' with ClassGeneratedBy '/Game/StarterContent/Maps/Minimal_Default.Minimal_Default:PersistentLevel.Minimal_Default'
[2017.10.09-21.30.21:214][937]Cmd: OBJ SAVEPACKAGE PACKAGE="/Game/BaseballPOC/swordblade" FILE="../../../../LaserSwordsAreCool/Content/BaseballPOC/swordblade.uasset" SILENT=true
[2017.10.09-21.30.21:284][937]LogMaterial: Missing cached shader map for material FDebugViewModeMaterialProxy swordblade, compiling. 
[2017.10.09-21.30.22:859][937]TextureStreamingBuild: Display: Compiling optional shaders took 1.582 seconds.
[2017.10.09-21.30.22:951][937]LogSavePackage: Save=20.07ms
[2017.10.09-21.30.22:951][937]LogSavePackage: Moving '../../../../LaserSwordsAreCool/Saved/swordblade002B85F4437505D9F223DA90E3D2E8E4.tmp' to '../../../../LaserSwordsAreCool/Content/BaseballPOC/swordblade.uasset'
[2017.10.09-21.30.22:961][937]LogSavePackage: Display: Finished SavePackage ../../../../LaserSwordsAreCool/Content/BaseballPOC/swordblade.uasset
[2017.10.09-21.30.22:992][937]Cmd: OBJ SAVEPACKAGE PACKAGE="/Game/BaseballPOC/VRPlayer" FILE="../../../../LaserSwordsAreCool/Content/BaseballPOC/VRPlayer.uasset" SILENT=true
[2017.10.09-21.30.23:147][937]LogSavePackage: Save=136.52ms
[2017.10.09-21.30.23:147][937]LogSavePackage: Moving '../../../../LaserSwordsAreCool/Saved/VRPlayer89EE91D44E6ED05896A57D80010169C7.tmp' to '../../../../LaserSwordsAreCool/Content/BaseballPOC/VRPlayer.uasset'
[2017.10.09-21.30.23:150][937]LogSavePackage: Display: Finished SavePackage ../../../../LaserSwordsAreCool/Content/BaseballPOC/VRPlayer.uasset
[2017.10.09-21.30.25:312][983]Cmd: QUIT_EDITOR
[2017.10.09-21.30.26:486][983]LogWindowsTextInputMethodSystem: Display: IME system now deactivated.
[2017.10.09-21.30.26:542][983]LogExit: Preparing to exit.
[2017.10.09-21.30.27:480][983]LogDirectoryWatcher: A directory notification for 'F:/LaserSwordsAreCool/Content/' was aborted.
[2017.10.09-21.30.27:706][983]LogExit: Editor shut down
[2017.10.09-21.30.27:788][983]LogExit: Transaction tracking system shut down
[2017.10.09-21.30.28:096][983]LogDirectoryWatcher: A directory notification for '../../../Engine/Content/' was aborted.
[2017.10.09-21.30.28:096][983]LogDirectoryWatcher: A directory notification for '../../../../LaserSwordsAreCool/Content/' was aborted.
[2017.10.09-21.30.28:096][983]LogDirectoryWatcher: A directory notification for '../../../Engine/Plugins/2D/Paper2D/Content/' was aborted.
[2017.10.09-21.30.28:096][983]LogDirectoryWatcher: A directory notification for '../../../Engine/Plugins/Runtime/Oculus/OculusVR/Content/' was aborted.
[2017.10.09-21.30.28:096][983]LogDirectoryWatcher: A directory notification for '../../../Engine/Plugins/Runtime/Steam/SteamVR/Content/' was aborted.
[2017.10.09-21.30.29:618][983]LogExit: Object subsystem successfully closed.
[2017.10.09-21.30.29:722][983]LogD3D11RHI: Shutdown
[2017.10.09-21.30.29:731][983]LogD3D11RHI: CleanupD3DDevice
[2017.10.09-21.30.29:778][983]LogD3D11RHI: ~FD3D11DynamicRHI
[2017.10.09-21.30.30:532][983]LogModuleManager: Shutting down and abandoning module MaterialEditor (540)
[2017.10.09-21.30.30:532][983]LogModuleManager: Shutting down and abandoning module HierarchicalLODUtilities (538)
[2017.10.09-21.30.30:532][983]LogModuleManager: Shutting down and abandoning module BlueprintGraph (536)
[2017.10.09-21.30.30:532][983]LogModuleManager: Shutting down and abandoning module BlueprintProfiler (534)
[2017.10.09-21.30.30:532][983]LogModuleManager: Shutting down and abandoning module MovieSceneCapture (532)
[2017.10.09-21.30.30:532][983]LogModuleManager: Shutting down and abandoning module HierarchicalLODOutliner (530)
[2017.10.09-21.30.30:532][983]LogModuleManager: Shutting down and abandoning module SceneOutliner (528)
[2017.10.09-21.30.30:539][983]LogModuleManager: Shutting down and abandoning module AddContentDialog (526)
[2017.10.09-21.30.30:540][983]LogDirectoryWatcher: A directory notification for 'F:/UE_4.17/FeaturePacks/' was aborted.
[2017.10.09-21.30.30:551][983]LogModuleManager: Shutting down and abandoning module WidgetCarousel (525)
[2017.10.09-21.30.30:551][983]LogModuleManager: Shutting down and abandoning module EditorWidgets (522)
[2017.10.09-21.30.30:552][983]LogModuleManager: Shutting down and abandoning module CollectionManager (520)
[2017.10.09-21.30.30:566][983]LogDirectoryWatcher: A directory notification for 'F:/LaserSwordsAreCool/Content/Collections/' was aborted.
[2017.10.09-21.30.30:566][983]LogDirectoryWatcher: A directory notification for 'F:/LaserSwordsAreCool/Content/Developers/Michael/Collections/' was aborted.
[2017.10.09-21.30.30:566][983]LogDirectoryWatcher: A directory notification for 'F:/LaserSwordsAreCool/Saved/Collections/' was aborted.
[2017.10.09-21.30.30:566][983]LogModuleManager: Shutting down and abandoning module StatsViewer (518)
[2017.10.09-21.30.30:567][983]LogModuleManager: Shutting down and abandoning module FoliageEdit (516)
[2017.10.09-21.30.30:567][983]LogModuleManager: Shutting down and abandoning module LandscapeEditor (514)
[2017.10.09-21.30.30:581][983]LogModuleManager: Shutting down and abandoning module MeshPaintMode (512)
[2017.10.09-21.30.30:581][983]LogModuleManager: Shutting down and abandoning module SceneDepthPickerMode (510)
[2017.10.09-21.30.30:581][983]LogModuleManager: Shutting down and abandoning module ActorPickerMode (508)
[2017.10.09-21.30.30:581][983]LogModuleManager: Shutting down and abandoning module GeometryMode (506)
[2017.10.09-21.30.30:581][983]LogModuleManager: Shutting down and abandoning module TextureAlignMode (504)
[2017.10.09-21.30.30:581][983]LogModuleManager: Shutting down and abandoning module BspMode (502)
[2017.10.09-21.30.30:586][983]LogModuleManager: Shutting down and abandoning module PIEPreviewDeviceProfileSelector (500)
[2017.10.09-21.30.30:586][983]LogModuleManager: Shutting down and abandoning module HardwareSurvey (498)
[2017.10.09-21.30.30:586][983]LogModuleManager: Shutting down and abandoning module SequenceRecorderSections (496)
[2017.10.09-21.30.30:586][983]LogModuleManager: Shutting down and abandoning module AutomationWorker (494)
[2017.10.09-21.30.30:603][983]LogModuleManager: Shutting down and abandoning module MatineeToLevelSequence (492)
[2017.10.09-21.30.30:618][983]LogModuleManager: Shutting down and abandoning module LevelSequenceEditor (490)
[2017.10.09-21.30.30:798][983]LogModuleManager: Shutting down and abandoning module PlacementMode (489)
[2017.10.09-21.30.30:798][983]LogModuleManager: Shutting down and abandoning module WmfMediaFactory (486)
[2017.10.09-21.30.30:798][983]LogModuleManager: Shutting down and abandoning module WmfMediaEditor (484)
[2017.10.09-21.30.30:798][983]LogModuleManager: Shutting down and abandoning module AvfMediaFactory (482)
[2017.10.09-21.30.30:798][983]LogModuleManager: Shutting down and abandoning module AvfMediaEditor (480)
[2017.10.09-21.30.30:798][983]LogModuleManager: Shutting down and abandoning module AndroidMediaFactory (478)
[2017.10.09-21.30.30:798][983]LogModuleManager: Shutting down and abandoning module Media (477)
[2017.10.09-21.30.30:798][983]LogModuleManager: Shutting down and abandoning module AndroidMediaEditor (474)
[2017.10.09-21.30.30:798][983]LogModuleManager: Shutting down and abandoning module CharacterAI (472)
[2017.10.09-21.30.30:798][983]LogModuleManager: Shutting down and abandoning module AudioCapture (470)
[2017.10.09-21.30.30:798][983]LogModuleManager: Shutting down and abandoning module SequenceRecorder (469)
[2017.10.09-21.30.30:799][983]LogModuleManager: Shutting down and abandoning module SmartSnapping (466)
[2017.10.09-21.30.30:799][983]LogModuleManager: Shutting down and abandoning module SessionServices (464)
[2017.10.09-21.30.30:800][983]LogModuleManager: Shutting down and abandoning module ViewportSnapping (462)
[2017.10.09-21.30.30:800][983]LogModuleManager: Shutting down and abandoning module ViewportInteraction (460)
[2017.10.09-21.30.30:800][983]LogModuleManager: Shutting down and abandoning module ClothPainter (458)
[2017.10.09-21.30.30:831][983]LogModuleManager: Shutting down and abandoning module LogVisualizer (456)
[2017.10.09-21.30.30:843][983]LogModuleManager: Shutting down and abandoning module IntroTutorials (454)
[2017.10.09-21.30.30:872][983]LogModuleManager: Shutting down and abandoning module GameProjectGeneration (453)
[2017.10.09-21.30.30:888][983]LogModuleManager: Shutting down and abandoning module IOSPlatformEditor (450)
[2017.10.09-21.30.30:899][983]LogModuleManager: Shutting down and abandoning module HTML5PlatformEditor (448)
[2017.10.09-21.30.30:899][983]LogModuleManager: Shutting down and abandoning module AndroidPlatformEditor (446)
[2017.10.09-21.30.30:899][983]LogModuleManager: Shutting down and abandoning module AndroidDeviceDetection (445)
[2017.10.09-21.30.31:906][983]LogModuleManager: Shutting down and abandoning module WindowsPlatformEditor (442)
[2017.10.09-21.30.31:906][983]LogModuleManager: Shutting down and abandoning module IOSRuntimeSettings (440)
[2017.10.09-21.30.31:906][983]LogModuleManager: Shutting down and abandoning module AndroidRuntimeSettings (438)
[2017.10.09-21.30.31:906][983]LogModuleManager: Shutting down and abandoning module InputBindingEditor (436)
[2017.10.09-21.30.31:921][983]LogModuleManager: Shutting down and abandoning module MergeActors (434)
[2017.10.09-21.30.31:924][983]LogModuleManager: Shutting down and abandoning module SizeMap (432)
[2017.10.09-21.30.31:924][983]LogModuleManager: Shutting down and abandoning module TreeMap (430)
[2017.10.09-21.30.31:929][983]LogModuleManager: Shutting down and abandoning module ReferenceViewer (428)
[2017.10.09-21.30.31:929][983]LogModuleManager: Shutting down and abandoning module LocalizationDashboard (426)
[2017.10.09-21.30.31:943][983]LogModuleManager: Shutting down and abandoning module LocalizationService (425)
[2017.10.09-21.30.31:951][983]LogModuleManager: Shutting down and abandoning module HardwareTargeting (422)
[2017.10.09-21.30.31:951][983]LogModuleManager: Shutting down and abandoning module DeviceProfileEditor (420)
[2017.10.09-21.30.31:961][983]LogModuleManager: Shutting down and abandoning module UndoHistory (418)
[2017.10.09-21.30.31:961][983]LogModuleManager: Shutting down and abandoning module XmlParser (416)
[2017.10.09-21.30.31:961][983]LogModuleManager: Shutting down and abandoning module Blutility (414)
[2017.10.09-21.30.31:961][983]LogModuleManager: Shutting down and abandoning module ProjectSettingsViewer (412)
[2017.10.09-21.30.31:961][983]LogModuleManager: Shutting down and abandoning module ProjectTargetPlatformEditor (411)
[2017.10.09-21.30.31:962][983]LogModuleManager: Shutting down and abandoning module EditorSettingsViewer (408)
[2017.10.09-21.30.31:962][983]LogModuleManager: Shutting down and abandoning module SettingsEditor (406)
[2017.10.09-21.30.31:963][983]LogModuleManager: Shutting down and abandoning module ProjectLauncher (404)
[2017.10.09-21.30.31:974][983]LogModuleManager: Shutting down and abandoning module SessionFrontend (402)
[2017.10.09-21.30.31:982][983]LogModuleManager: Shutting down and abandoning module ProfilerClient (400)
[2017.10.09-21.30.31:988][983]LogModuleManager: Shutting down and abandoning module DeviceManager (398)
[2017.10.09-21.30.31:996][983]LogModuleManager: Shutting down and abandoning module TargetDeviceServices (397)
[2017.10.09-21.30.32:054][983]LogModuleManager: Shutting down and abandoning module AutomationController (394)
[2017.10.09-21.30.32:073][983]LogModuleManager: Shutting down and abandoning module AutomationWindow (392)
[2017.10.09-21.30.32:124][983]LogModuleManager: Shutting down and abandoning module Layers (390)
[2017.10.09-21.30.32:148][983]LogModuleManager: Shutting down and abandoning module ComponentVisualizers (388)
[2017.10.09-21.30.32:148][983]LogModuleManager: Shutting down and abandoning module DetailCustomizations (386)
[2017.10.09-21.30.32:149][983]LogModuleManager: Shutting down and abandoning module PackagesDialog (384)
[2017.10.09-21.30.32:149][983]LogModuleManager: Shutting down and abandoning module Persona (382)
[2017.10.09-21.30.32:163][983]LogModuleManager: Shutting down and abandoning module AdvancedPreviewScene (381)
[2017.10.09-21.30.32:163][983]LogModuleManager: Shutting down and abandoning module AnimGraph (379)
[2017.10.09-21.30.32:163][983]LogModuleManager: Shutting down and abandoning module Kismet (376)
[2017.10.09-21.30.32:186][983]LogModuleManager: Shutting down and abandoning module ClassViewer (374)
[2017.10.09-21.30.32:186][983]LogModuleManager: Shutting down and abandoning module Toolbox (372)
[2017.10.09-21.30.32:186][983]LogModuleManager: Shutting down and abandoning module ModuleUI (370)
[2017.10.09-21.30.32:187][983]LogModuleManager: Shutting down and abandoning module MovieSceneTools (368)
[2017.10.09-21.30.32:191][983]LogModuleManager: Shutting down and abandoning module OutputLog (366)
[2017.10.09-21.30.32:203][983]LogModuleManager: Shutting down and abandoning module GammaUI (364)
[2017.10.09-21.30.32:209][983]LogModuleManager: Shutting down and abandoning module Documentation (362)
[2017.10.09-21.30.32:209][983]LogModuleManager: Shutting down and abandoning module MovieSceneTracks (360)
[2017.10.09-21.30.32:209][983]LogModuleManager: Shutting down and abandoning module MovieScene (358)
[2017.10.09-21.30.32:209][983]LogModuleManager: Shutting down and abandoning module Niagara (356)
[2017.10.09-21.30.32:209][983]LogModuleManager: Shutting down and abandoning module NiagaraEditor (355)
[2017.10.09-21.30.32:247][983]LogModuleManager: Shutting down and abandoning module StreamingPauseRendering (352)
[2017.10.09-21.30.32:247][983]LogModuleManager: Shutting down and abandoning module LauncherPlatform (350)
[2017.10.09-21.30.32:247][983]LogModuleManager: Shutting down and abandoning module AnalyticsET (348)
[2017.10.09-21.30.32:247][983]LogModuleManager: Shutting down and abandoning module PortalServices (346)
[2017.10.09-21.30.32:247][983]LogModuleManager: Shutting down and abandoning module PortalRpc (344)
[2017.10.09-21.30.32:247][983]LogModuleManager: Shutting down and abandoning module MessagingRpc (342)
[2017.10.09-21.30.32:247][983]LogModuleManager: Shutting down and abandoning module AIModule (340)
[2017.10.09-21.30.32:247][983]LogModuleManager: Shutting down and abandoning module GameplayDebugger (339)
[2017.10.09-21.30.32:247][983]LogModuleManager: Shutting down and abandoning module AITestSuite (337)
[2017.10.09-21.30.32:248][983]LogModuleManager: Shutting down and abandoning module ProfilerService (334)
[2017.10.09-21.30.32:434][983]LogModuleManager: Shutting down and abandoning module TaskGraph (332)
[2017.10.09-21.30.32:464][983]LogModuleManager: Shutting down and abandoning module SteamVRController (330)
[2017.10.09-21.30.32:465][983]LogModuleManager: Shutting down and abandoning module ProceduralMeshComponentEditor (328)
[2017.10.09-21.30.32:465][983]LogModuleManager: Shutting down and abandoning module ProceduralMeshComponent (326)
[2017.10.09-21.30.32:465][983]LogModuleManager: Shutting down and abandoning module OculusInput (324)
[2017.10.09-21.30.32:481][983]LogModuleManager: Shutting down and abandoning module MobilePatchingUtils (322)
[2017.10.09-21.30.32:482][983]LogModuleManager: Shutting down and abandoning module CustomMeshComponent (320)
[2017.10.09-21.30.32:482][983]LogModuleManager: Shutting down and abandoning module CableComponent (318)
[2017.10.09-21.30.32:485][983]LogModuleManager: Shutting down and abandoning module ArchVisCharacter (316)
[2017.10.09-21.30.32:485][983]LogModuleManager: Shutting down and abandoning module AndroidPermission (314)
[2017.10.09-21.30.32:485][983]LogModuleManager: Shutting down and abandoning module MediaPlayerEditor (310)
[2017.10.09-21.30.32:500][983]LogModuleManager: Shutting down and abandoning module HTML5Networking (308)
[2017.10.09-21.30.32:500][983]LogModuleManager: Shutting down and abandoning module AlembicImporter (306)
[2017.10.09-21.30.32:516][983]LogModuleManager: Shutting down and abandoning module AlembicLibrary (305)
[2017.10.09-21.30.32:516][983]LogModuleManager: Shutting down and abandoning module GeometryCache (304)
[2017.10.09-21.30.32:516][983]LogModuleManager: Shutting down and abandoning module GeometryCacheEd (303)
[2017.10.09-21.30.32:516][983]LogModuleManager: Shutting down and abandoning module SpeedTreeImporter (298)
[2017.10.09-21.30.32:516][983]LogModuleManager: Shutting down and abandoning module PluginBrowser (296)
[2017.10.09-21.30.32:570][983]LogModuleManager: Shutting down and abandoning module MobileLauncherProfileWizard (294)
[2017.10.09-21.30.32:579][983]LogModuleManager: Shutting down and abandoning module VisualStudioSourceCodeAccess (292)
[2017.10.09-21.30.32:580][983]LogModuleManager: Shutting down and abandoning module DesktopPlatform (291)
[2017.10.09-21.30.32:580][983]LogModuleManager: Shutting down and abandoning module UObjectPlugin (288)
[2017.10.09-21.30.32:580][983]LogModuleManager: Shutting down and abandoning module SubversionSourceControl (286)
[2017.10.09-21.30.32:585][983]LogModuleManager: Shutting down and abandoning module PerforceSourceControl (284)
[2017.10.09-21.30.32:606][983]LogModuleManager: Shutting down and abandoning module GitSourceControl (282)
[2017.10.09-21.30.32:619][983]LogModuleManager: Shutting down and abandoning module SourceControl (281)
[2017.10.09-21.30.32:630][983]LogModuleManager: Shutting down and abandoning module LightPropagationVolumeEditor (278)
[2017.10.09-21.30.32:630][983]LogModuleManager: Shutting down and abandoning module PaperTiledImporter (276)
[2017.10.09-21.30.32:631][983]LogModuleManager: Shutting down and abandoning module PaperSpriteSheetImporter (274)
[2017.10.09-21.30.32:631][983]LogModuleManager: Shutting down and abandoning module Paper2DEditor (272)
[2017.10.09-21.30.32:647][983]LogModuleManager: Shutting down and abandoning module MeshPaint (271)
[2017.10.09-21.30.32:664][983]LogModuleManager: Shutting down and abandoning module LevelEditor (269)
[2017.10.09-21.30.32:667][983]LogModuleManager: Shutting down and abandoning module PixelInspectorModule (268)
[2017.10.09-21.30.32:683][983]LogModuleManager: Shutting down and abandoning module MainFrame (266)
[2017.10.09-21.30.32:683][983]LogModuleManager: Shutting down and abandoning module HotReload (265)
[2017.10.09-21.30.32:690][983]LogModuleManager: Shutting down and abandoning module RuntimePhysXCooking (260)
[2017.10.09-21.30.32:690][983]LogModuleManager: Shutting down and abandoning module PhysXVehiclesEditor (258)
[2017.10.09-21.30.32:690][983]LogModuleManager: Shutting down and abandoning module PhysXVehicles (256)
[2017.10.09-21.30.32:690][983]LogModuleManager: Shutting down and abandoning module OculusEditor (254)
[2017.10.09-21.30.32:690][983]LogModuleManager: Shutting down and abandoning module LocationServicesBPLibrary (252)
[2017.10.09-21.30.32:690][983]LogModuleManager: Shutting down and abandoning module ImmediatePhysicsEditor (250)
[2017.10.09-21.30.32:690][983]LogModuleManager: Shutting down and abandoning module ImmediatePhysics (248)
[2017.10.09-21.30.32:701][983]LogModuleManager: Shutting down and abandoning module UdpMessaging (246)
[2017.10.09-21.30.32:801][983]LogModuleManager: Shutting down and abandoning module TcpMessaging (244)
[2017.10.09-21.30.32:909][983]LogModuleManager: Shutting down and abandoning module GameplayTagsEditor (242)
[2017.10.09-21.30.32:916][983]LogModuleManager: Shutting down and abandoning module FacialAnimationEditor (240)
[2017.10.09-21.30.32:917][983]LogModuleManager: Shutting down and abandoning module FacialAnimation (238)
[2017.10.09-21.30.32:917][983]LogModuleManager: Shutting down and abandoning module AssetManagerEditor (236)
[2017.10.09-21.30.32:932][983]LogModuleManager: Shutting down and abandoning module GraphEditor (235)
[2017.10.09-21.30.32:932][983]LogModuleManager: Shutting down and abandoning module ContentBrowser (233)
[2017.10.09-21.30.32:935][983]LogModuleManager: Shutting down and abandoning module LightPropagationVolumeRuntime (230)
[2017.10.09-21.30.32:935][983]LogModuleManager: Shutting down and abandoning module Paper2D (228)
[2017.10.09-21.30.32:940][983]LogModuleManager: Shutting down and abandoning module WindowsMoviePlayer (226)
[2017.10.09-21.30.32:969][983]LogModuleManager: Shutting down and abandoning module WmfMedia (224)
[2017.10.09-21.30.32:988][983]LogModuleManager: Shutting down and abandoning module PacketHandler (222)
[2017.10.09-21.30.32:988][983]LogModuleManager: Shutting down and abandoning module ClothingSystemEditor (220)
[2017.10.09-21.30.32:989][983]LogModuleManager: Shutting down and abandoning module ClothingSystemRuntime (218)
[2017.10.09-21.30.33:000][983]LogModuleManager: Shutting down and abandoning module Overlay (216)
[2017.10.09-21.30.33:000][983]LogModuleManager: Shutting down and abandoning module OverlayEditor (215)
[2017.10.09-21.30.33:000][983]LogModuleManager: Shutting down and abandoning module MediaAssets (212)
[2017.10.09-21.30.33:000][983]LogModuleManager: Shutting down and abandoning module VREditor (210)
[2017.10.09-21.30.33:023][983]LogModuleManager: Shutting down and abandoning module StringTableEditor (208)
[2017.10.09-21.30.33:030][983]LogModuleManager: Shutting down and abandoning module GameplayTasksEditor (206)
[2017.10.09-21.30.33:030][983]LogModuleManager: Shutting down and abandoning module BehaviorTreeEditor (204)
[2017.10.09-21.30.33:059][983]LogModuleManager: Shutting down and abandoning module FunctionalTesting (202)
[2017.10.09-21.30.33:059][983]LogModuleManager: Shutting down and abandoning module CollisionAnalyzer (200)
[2017.10.09-21.30.33:063][983]LogModuleManager: Shutting down and abandoning module WorkspaceMenuStructure (199)
[2017.10.09-21.30.33:063][983]LogModuleManager: Shutting down and abandoning module UMG (196)
[2017.10.09-21.30.33:081][983]LogModuleManager: Shutting down and abandoning module UMGEditor (195)
[2017.10.09-21.30.33:109][983]LogModuleManager: Shutting down and abandoning module Sequencer (194)
[2017.10.09-21.30.33:109][983]LogModuleManager: Shutting down and abandoning module MessageLog (191)
[2017.10.09-21.30.33:109][983]LogModuleManager: Shutting down and abandoning module SlateReflector (186)
[2017.10.09-21.30.33:135][983]LogModuleManager: Shutting down and abandoning module Slate (184)
[2017.10.09-21.30.33:135][983]LogModuleManager: Shutting down and abandoning module EditorStyle (182)
[2017.10.09-21.30.33:140][983]LogModuleManager: Shutting down and abandoning module MRMesh (180)
[2017.10.09-21.30.33:140][983]LogModuleManager: Shutting down and abandoning module SourceCodeAccess (178)
[2017.10.09-21.30.33:140][983]LogModuleManager: Shutting down and abandoning module HeadMountedDisplay (176)
[2017.10.09-21.30.33:140][983]LogModuleManager: Shutting down and abandoning module XAudio2 (174)
[2017.10.09-21.30.33:140][983]LogModuleManager: Shutting down and abandoning module Networking (172)
[2017.10.09-21.30.33:140][983]LogModuleManager: Shutting down and abandoning module Core (168)
[2017.10.09-21.30.33:140][983]LogModuleManager: Shutting down and abandoning module KismetCompiler (164)
[2017.10.09-21.30.33:140][983]LogModuleManager: Shutting down and abandoning module LevelSequence (162)
[2017.10.09-21.30.33:140][983]LogModuleManager: Shutting down and abandoning module MeshUtilities (160)
[2017.10.09-21.30.33:154][983]LogModuleManager: Shutting down and abandoning module MeshMergeUtilities (159)
[2017.10.09-21.30.33:167][983]LogModuleManager: Shutting down and abandoning module MeshReductionInterface (158)
[2017.10.09-21.30.33:167][983]LogModuleManager: Shutting down and abandoning module SimplygonSwarm (157)
[2017.10.09-21.30.33:171][983]LogModuleManager: Shutting down and abandoning module SimplygonMeshReduction (155)
[2017.10.09-21.30.33:171][983]LogModuleManager: Shutting down and abandoning module QuadricMeshReduction (153)
[2017.10.09-21.30.33:185][983]LogModuleManager: Shutting down and abandoning module MaterialBaking (149)
[2017.10.09-21.30.33:202][983]LogModuleManager: Shutting down and abandoning module DirectoryWatcher (146)
[2017.10.09-21.30.33:210][983]LogModuleManager: Shutting down and abandoning module DerivedDataCache (144)
[2017.10.09-21.30.33:248][983]LogDerivedDataCache: Shutdown
[2017.10.09-21.30.33:248][983]LogModuleManager: Shutting down and abandoning module TargetPlatform (142)
[2017.10.09-21.30.33:248][983]LogModuleManager: Shutting down and abandoning module VulkanShaderFormat (141)
[2017.10.09-21.30.33:256][983]LogModuleManager: Shutting down and abandoning module ShaderFormatVectorVM (139)
[2017.10.09-21.30.33:263][983]LogModuleManager: Shutting down and abandoning module ShaderFormatOpenGL (137)
[2017.10.09-21.30.33:272][983]LogModuleManager: Shutting down and abandoning module ShaderFormatD3D (135)
[2017.10.09-21.30.33:272][983]LogModuleManager: Shutting down and abandoning module MetalShaderFormat (133)
[2017.10.09-21.30.33:286][983]LogModuleManager: Shutting down and abandoning module TextureFormatUncompressed (131)
[2017.10.09-21.30.33:286][983]LogModuleManager: Shutting down and abandoning module TextureFormatPVR (129)
[2017.10.09-21.30.33:286][983]LogModuleManager: Shutting down and abandoning module TextureFormatDXT (127)
[2017.10.09-21.30.33:286][983]LogModuleManager: Shutting down and abandoning module TextureFormatIntelISPCTexComp (125)
[2017.10.09-21.30.33:287][983]LogModuleManager: Shutting down and abandoning module TextureFormatASTC (123)
[2017.10.09-21.30.33:287][983]LogModuleManager: Shutting down and abandoning module ImageWrapper (122)
[2017.10.09-21.30.33:287][983]LogModuleManager: Shutting down and abandoning module TextureFormatAndroid (119)
[2017.10.09-21.30.33:287][983]LogModuleManager: Shutting down and abandoning module AudioFormatOpus (117)
[2017.10.09-21.30.33:287][983]LogModuleManager: Shutting down and abandoning module AudioFormatOgg (115)
[2017.10.09-21.30.33:287][983]LogModuleManager: Shutting down and abandoning module AudioFormatADPCM (113)
[2017.10.09-21.30.33:287][983]LogModuleManager: Shutting down and abandoning module LinuxTargetPlatform (111)
[2017.10.09-21.30.33:287][983]LogModuleManager: Shutting down and abandoning module LinuxServerTargetPlatform (109)
[2017.10.09-21.30.33:287][983]LogModuleManager: Shutting down and abandoning module LinuxNoEditorTargetPlatform (107)
[2017.10.09-21.30.33:287][983]LogModuleManager: Shutting down and abandoning module LinuxClientTargetPlatform (105)
[2017.10.09-21.30.33:287][983]LogModuleManager: Shutting down and abandoning module TVOSTargetPlatform (103)
[2017.10.09-21.30.33:287][983]LogModuleManager: Shutting down and abandoning module Messaging (101)
[2017.10.09-21.30.33:287][983]LogModuleManager: Shutting down and abandoning module IOSTargetPlatform (99)
[2017.10.09-21.30.33:287][983]LogModuleManager: Shutting down and abandoning module HTML5TargetPlatform (97)
[2017.10.09-21.30.33:288][983]LogModuleManager: Shutting down and abandoning module Android_PVRTCTargetPlatform (95)
[2017.10.09-21.30.33:288][983]LogModuleManager: Shutting down and abandoning module Android_MultiTargetPlatform (93)
[2017.10.09-21.30.33:288][983]LogModuleManager: Shutting down and abandoning module Android_ETC2TargetPlatform (91)
[2017.10.09-21.30.33:288][983]LogModuleManager: Shutting down and abandoning module Android_ETC1TargetPlatform (89)
[2017.10.09-21.30.33:288][983]LogModuleManager: Shutting down and abandoning module Android_DXTTargetPlatform (87)
[2017.10.09-21.30.33:288][983]LogModuleManager: Shutting down and abandoning module Android_ATCTargetPlatform (85)
[2017.10.09-21.30.33:288][983]LogModuleManager: Shutting down and abandoning module Android_ASTCTargetPlatform (83)
[2017.10.09-21.30.33:288][983]LogModuleManager: Shutting down and abandoning module AndroidTargetPlatform (81)
[2017.10.09-21.30.33:288][983]LogModuleManager: Shutting down and abandoning module WindowsTargetPlatform (79)
[2017.10.09-21.30.33:288][983]LogModuleManager: Shutting down and abandoning module WindowsServerTargetPlatform (77)
[2017.10.09-21.30.33:288][983]LogModuleManager: Shutting down and abandoning module WindowsNoEditorTargetPlatform (75)
[2017.10.09-21.30.33:288][983]LogModuleManager: Shutting down and abandoning module WindowsClientTargetPlatform (73)
[2017.10.09-21.30.33:288][983]LogModuleManager: Shutting down and abandoning module MacTargetPlatform (71)
[2017.10.09-21.30.33:288][983]LogModuleManager: Shutting down and abandoning module MacServerTargetPlatform (69)
[2017.10.09-21.30.33:288][983]LogModuleManager: Shutting down and abandoning module MacNoEditorTargetPlatform (67)
[2017.10.09-21.30.33:288][983]LogModuleManager: Shutting down and abandoning module MacClientTargetPlatform (65)
[2017.10.09-21.30.33:288][983]LogModuleManager: Shutting down and abandoning module AllDesktopTargetPlatform (63)
[2017.10.09-21.30.33:288][983]LogModuleManager: Shutting down and abandoning module InputCore (60)
[2017.10.09-21.30.33:288][983]LogModuleManager: Shutting down and abandoning module Settings (58)
[2017.10.09-21.30.33:288][983]LogModuleManager: Shutting down and abandoning module PhysXCooking (56)
[2017.10.09-21.30.33:288][983]LogModuleManager: Shutting down and abandoning module SteamVR (54)
[2017.10.09-21.30.33:288][983]LogModuleManager: Shutting down and abandoning module OculusHMD (52)
[2017.10.09-21.30.33:289][983]LogModuleManager: Shutting down and abandoning module ExampleDeviceProfileSelector (50)
[2017.10.09-21.30.33:289][983]LogModuleManager: Shutting down and abandoning module OnlineBlueprintSupport (48)
[2017.10.09-21.30.33:289][983]LogModuleManager: Shutting down and abandoning module OnlineSubsystem (44)
[2017.10.09-21.30.33:289][983]LogOnline: Display: Unloading online subsystem: NULL
[2017.10.09-21.30.33:311][983]LogModuleManager: Shutting down and abandoning module XMPP (43)
[2017.10.09-21.30.33:311][983]LogModuleManager: Shutting down and abandoning module HTTP (41)
[2017.10.09-21.30.33:311][983]LogHttp: Display: Http module shutting down, but needs to wait on 1 outstanding Http requests:
[2017.10.09-21.30.33:311][983]LogHttp: Display: 	verb=[POST] url=[https://datarouter.ol.epicgames.com/datarouter/api/v1/public/data?SessionID=%7B4412F2B9-4939-DD1D-1C6A-EF90F1A8127D%7D&AppID=UEEditor.Rocket.Release&AppVersion=4.17.2-3658906%2B%2B%2BUE4%2BRelease-4.17&UserID=d7b73bc34f6de88d3787d1a86c3db367%7C691c8e497a6a49a99f455784cff7fd01%7Cb27141bb-a273-44f1-a152-43e51b27c7b5&AppEnvironment=datacollector-binary&UploadType=eteventstream] status=Processing
[2017.10.09-21.30.33:342][983]LogModuleManager: Shutting down and abandoning module SSL (40)
[2017.10.09-21.30.33:350][983]LogModuleManager: Shutting down and abandoning module AnimationModifiers (36)
[2017.10.09-21.30.33:350][983]LogModuleManager: Shutting down and abandoning module PropertyEditor (35)
[2017.10.09-21.30.33:350][983]LogModuleManager: Shutting down and abandoning module AudioEditor (32)
[2017.10.09-21.30.33:362][983]LogModuleManager: Shutting down and abandoning module TextureCompressor (30)
[2017.10.09-21.30.33:362][983]LogModuleManager: Shutting down and abandoning module ShaderCore (28)
[2017.10.09-21.30.33:364][983]LogModuleManager: Shutting down and abandoning module Landscape (26)
[2017.10.09-21.30.33:364][983]LogModuleManager: Shutting down and abandoning module SlateRHIRenderer (24)
[2017.10.09-21.30.33:370][983]LogModuleManager: Shutting down and abandoning module OpenGLDrv (22)
[2017.10.09-21.30.33:388][983]LogModuleManager: Shutting down and abandoning module D3D11RHI (20)
[2017.10.09-21.30.33:388][983]LogModuleManager: Shutting down and abandoning module AnimGraphRuntime (18)
[2017.10.09-21.30.33:388][983]LogModuleManager: Shutting down and abandoning module Renderer (16)
[2017.10.09-21.30.33:388][983]LogModuleManager: Shutting down and abandoning module Engine (14)
[2017.10.09-21.30.33:388][983]LogModuleManager: Shutting down and abandoning module CoreUObject (12)
[2017.10.09-21.30.33:388][983]LogModuleManager: Shutting down and abandoning module NetworkFile (10)
[2017.10.09-21.30.33:388][983]LogModuleManager: Shutting down and abandoning module CookedIterativeFile (8)
[2017.10.09-21.30.33:388][983]LogModuleManager: Shutting down and abandoning module StreamingFile (6)
[2017.10.09-21.30.33:388][983]LogModuleManager: Shutting down and abandoning module SandboxFile (4)
[2017.10.09-21.30.33:388][983]LogModuleManager: Shutting down and abandoning module PakFile (2)
[2017.10.09-21.30.33:414][983]LogExit: Exiting.
[2017.10.09-21.30.33:450][983]Log file closed, 10/09/17 17:30:33
